2023-03-07 15:52:55.484 [info] Extension host with pid 2322042 started
2023-03-07 15:52:55.493 [info] Lock '/home/csmajs/txia024/.vscode-server/data/User/workspaceStorage/414fd2baf52539f1a5b00978e376b760/vscode.lock': Lock acquired.
2023-03-07 15:52:55.588 [info] ExtensionService#_doActivateExtension vscode.emmet, startup: false, activationEvent: 'onLanguage'
2023-03-07 15:52:55.589 [info] ExtensionService#_doActivateExtension formulahendry.code-runner, startup: false, activationEvent: 'onLanguage:code-runner-output'
2023-03-07 15:52:55.589 [info] ExtensionService#_doActivateExtension vscode.git-base, startup: true, activationEvent: '*', root cause: vscode.git
2023-03-07 15:52:55.721 [info] ExtensionService#_doActivateExtension vscode.git, startup: true, activationEvent: '*'
2023-03-07 15:52:55.722 [info] ExtensionService#_doActivateExtension vscode.github, startup: true, activationEvent: '*'
2023-03-07 15:52:55.926 [info] ExtensionService#_doActivateExtension vscode.debug-auto-launch, startup: false, activationEvent: 'onStartupFinished'
2023-03-07 15:52:55.926 [info] ExtensionService#_doActivateExtension vscode.merge-conflict, startup: false, activationEvent: 'onStartupFinished'
2023-03-07 15:52:55.927 [info] ExtensionService#_doActivateExtension vscode.npm, startup: false, activationEvent: 'onStartupFinished', root cause: esbenp.prettier-vscode
2023-03-07 15:52:55.927 [info] ExtensionService#_doActivateExtension ritwickdey.LiveServer, startup: false, activationEvent: 'onStartupFinished'
2023-03-07 15:52:55.927 [info] Eager extensions activated
2023-03-07 15:52:56.137 [info] ExtensionService#_doActivateExtension esbenp.prettier-vscode, startup: false, activationEvent: 'onStartupFinished'
2023-03-07 15:52:56.346 [warning] [Decorations] CAPPING events from decorations provider vscode.git 10000
2023-03-07 15:52:57.653 [warning] [Decorations] CAPPING events from decorations provider vscode.git 10018
2023-03-07 18:31:20.341 [info] Extension host terminating: received terminate message from renderer
2023-03-07 18:31:20.341 [info] Lock '/home/csmajs/txia024/.vscode-server/data/User/workspaceStorage/414fd2baf52539f1a5b00978e376b760/vscode.lock': Marking the lockfile as scheduled to be released in 6000 ms.
2023-03-07 18:31:20.360 [error] Canceled: Canceled
	at new u (/data/home/csmajs/txia024/.vscode-server/bin/441438abd1ac652551dbe4d408dfcec8a499b8bf/out/vs/workbench/api/node/extensionHostProcess.js:96:88070)
	at l.O (/data/home/csmajs/txia024/.vscode-server/bin/441438abd1ac652551dbe4d408dfcec8a499b8bf/out/vs/workbench/api/node/extensionHostProcess.js:106:11276)
	at Proxy.V.<computed>.M.charCodeAt.V.<computed> (/data/home/csmajs/txia024/.vscode-server/bin/441438abd1ac652551dbe4d408dfcec8a499b8bf/out/vs/workbench/api/node/extensionHostProcess.js:106:8557)
	at s.g (/data/home/csmajs/txia024/.vscode-server/bin/441438abd1ac652551dbe4d408dfcec8a499b8bf/out/vs/workbench/api/node/extensionHostProcess.js:96:107430)
	at s.executeCommand (/data/home/csmajs/txia024/.vscode-server/bin/441438abd1ac652551dbe4d408dfcec8a499b8bf/out/vs/workbench/api/node/extensionHostProcess.js:96:106806)
	at w.registerCommand.description (/data/home/csmajs/txia024/.vscode-server/bin/441438abd1ac652551dbe4d408dfcec8a499b8bf/out/vs/workbench/api/node/extensionHostProcess.js:96:106099)
	at s.h (/data/home/csmajs/txia024/.vscode-server/bin/441438abd1ac652551dbe4d408dfcec8a499b8bf/out/vs/workbench/api/node/extensionHostProcess.js:96:108016)
	at s.g (/data/home/csmajs/txia024/.vscode-server/bin/441438abd1ac652551dbe4d408dfcec8a499b8bf/out/vs/workbench/api/node/extensionHostProcess.js:96:106906)
	at s.executeCommand (/data/home/csmajs/txia024/.vscode-server/bin/441438abd1ac652551dbe4d408dfcec8a499b8bf/out/vs/workbench/api/node/extensionHostProcess.js:96:106806)
	at Object.executeCommand (/data/home/csmajs/txia024/.vscode-server/bin/441438abd1ac652551dbe4d408dfcec8a499b8bf/out/vs/workbench/api/node/extensionHostProcess.js:117:30778)
	at D (/data/home/csmajs/txia024/.vscode-server/bin/441438abd1ac652551dbe4d408dfcec8a499b8bf/extensions/git/dist/main.js:2:2055373)
	at f.invoke (/data/home/csmajs/txia024/.vscode-server/bin/441438abd1ac652551dbe4d408dfcec8a499b8bf/out/vs/workbench/api/node/extensionHostProcess.js:63:145)
	at g.deliver (/data/home/csmajs/txia024/.vscode-server/bin/441438abd1ac652551dbe4d408dfcec8a499b8bf/out/vs/workbench/api/node/extensionHostProcess.js:63:2029)
	at d.fire (/data/home/csmajs/txia024/.vscode-server/bin/441438abd1ac652551dbe4d408dfcec8a499b8bf/out/vs/workbench/api/node/extensionHostProcess.js:63:1667)
	at Object.h [as dispose] (/data/home/csmajs/txia024/.vscode-server/bin/441438abd1ac652551dbe4d408dfcec8a499b8bf/extensions/git/dist/main.js:2:2070210)
	at /data/home/csmajs/txia024/.vscode-server/bin/441438abd1ac652551dbe4d408dfcec8a499b8bf/extensions/git/dist/main.js:2:2074277
	at Array.forEach (<anonymous>)
	at g.dispose (/data/home/csmajs/txia024/.vscode-server/bin/441438abd1ac652551dbe4d408dfcec8a499b8bf/extensions/git/dist/main.js:2:2074263)
	at C.<anonymous> (/data/home/csmajs/txia024/.vscode-server/bin/441438abd1ac652551dbe4d408dfcec8a499b8bf/out/vs/workbench/api/node/extensionHostProcess.js:94:12431)
	at C.dispose (/data/home/csmajs/txia024/.vscode-server/bin/441438abd1ac652551dbe4d408dfcec8a499b8bf/out/vs/workbench/api/node/extensionHostProcess.js:94:12566)
	at C.<anonymous> (/data/home/csmajs/txia024/.vscode-server/bin/441438abd1ac652551dbe4d408dfcec8a499b8bf/extensions/git/dist/main.js:2:2057503)
	at C.dispose (/data/home/csmajs/txia024/.vscode-server/bin/441438abd1ac652551dbe4d408dfcec8a499b8bf/out/vs/workbench/api/node/extensionHostProcess.js:94:12566)
	at T (/data/home/csmajs/txia024/.vscode-server/bin/441438abd1ac652551dbe4d408dfcec8a499b8bf/out/vs/workbench/api/node/extensionHostProcess.js:10:12072)
	at f.X (/data/home/csmajs/txia024/.vscode-server/bin/441438abd1ac652551dbe4d408dfcec8a499b8bf/out/vs/workbench/api/node/extensionHostProcess.js:108:11242)
	at /data/home/csmajs/txia024/.vscode-server/bin/441438abd1ac652551dbe4d408dfcec8a499b8bf/out/vs/workbench/api/node/extensionHostProcess.js:108:9037
	at Array.map (<anonymous>)
	at f.Q (/data/home/csmajs/txia024/.vscode-server/bin/441438abd1ac652551dbe4d408dfcec8a499b8bf/out/vs/workbench/api/node/extensionHostProcess.js:108:9024)
	at f.terminate (/data/home/csmajs/txia024/.vscode-server/bin/441438abd1ac652551dbe4d408dfcec8a499b8bf/out/vs/workbench/api/node/extensionHostProcess.js:108:9298)
	at h.terminate (/data/home/csmajs/txia024/.vscode-server/bin/441438abd1ac652551dbe4d408dfcec8a499b8bf/out/vs/workbench/api/node/extensionHostProcess.js:112:1397)
	at p (/data/home/csmajs/txia024/.vscode-server/bin/441438abd1ac652551dbe4d408dfcec8a499b8bf/out/vs/workbench/api/node/extensionHostProcess.js:122:17851)
	at /data/home/csmajs/txia024/.vscode-server/bin/441438abd1ac652551dbe4d408dfcec8a499b8bf/out/vs/workbench/api/node/extensionHostProcess.js:122:15761
	at f.invoke (/data/home/csmajs/txia024/.vscode-server/bin/441438abd1ac652551dbe4d408dfcec8a499b8bf/out/vs/workbench/api/node/extensionHostProcess.js:63:145)
	at g.deliver (/data/home/csmajs/txia024/.vscode-server/bin/441438abd1ac652551dbe4d408dfcec8a499b8bf/out/vs/workbench/api/node/extensionHostProcess.js:63:2029)
	at d.fire (/data/home/csmajs/txia024/.vscode-server/bin/441438abd1ac652551dbe4d408dfcec8a499b8bf/out/vs/workbench/api/node/extensionHostProcess.js:63:1667)
	at p.fire (/data/home/csmajs/txia024/.vscode-server/bin/441438abd1ac652551dbe4d408dfcec8a499b8bf/out/vs/workbench/api/node/extensionHostProcess.js:72:14861)
	at t.E (/data/home/csmajs/txia024/.vscode-server/bin/441438abd1ac652551dbe4d408dfcec8a499b8bf/out/vs/workbench/api/node/extensionHostProcess.js:72:18927)
	at /data/home/csmajs/txia024/.vscode-server/bin/441438abd1ac652551dbe4d408dfcec8a499b8bf/out/vs/workbench/api/node/extensionHostProcess.js:72:16915
	at f.invoke (/data/home/csmajs/txia024/.vscode-server/bin/441438abd1ac652551dbe4d408dfcec8a499b8bf/out/vs/workbench/api/node/extensionHostProcess.js:63:145)
	at g.deliver (/data/home/csmajs/txia024/.vscode-server/bin/441438abd1ac652551dbe4d408dfcec8a499b8bf/out/vs/workbench/api/node/extensionHostProcess.js:63:2029)
	at d.fire (/data/home/csmajs/txia024/.vscode-server/bin/441438abd1ac652551dbe4d408dfcec8a499b8bf/out/vs/workbench/api/node/extensionHostProcess.js:63:1667)
	at h.acceptChunk (/data/home/csmajs/txia024/.vscode-server/bin/441438abd1ac652551dbe4d408dfcec8a499b8bf/out/vs/workbench/api/node/extensionHostProcess.js:72:12592)
	at /data/home/csmajs/txia024/.vscode-server/bin/441438abd1ac652551dbe4d408dfcec8a499b8bf/out/vs/workbench/api/node/extensionHostProcess.js:72:11879
	at f.invoke (/data/home/csmajs/txia024/.vscode-server/bin/441438abd1ac652551dbe4d408dfcec8a499b8bf/out/vs/workbench/api/node/extensionHostProcess.js:63:145)
	at g.deliver (/data/home/csmajs/txia024/.vscode-server/bin/441438abd1ac652551dbe4d408dfcec8a499b8bf/out/vs/workbench/api/node/extensionHostProcess.js:63:2029)
	at d.fire (/data/home/csmajs/txia024/.vscode-server/bin/441438abd1ac652551dbe4d408dfcec8a499b8bf/out/vs/workbench/api/node/extensionHostProcess.js:63:1667)
	at d.t (/data/home/csmajs/txia024/.vscode-server/bin/441438abd1ac652551dbe4d408dfcec8a499b8bf/out/vs/workbench/api/node/extensionHostProcess.js:72:28518) setContext undefined
2023-03-07 18:31:20.360 [info] Extension host with pid 2322042 exiting with code 0
