[2023-03-08T21:02:21.492Z] Log level: Info
[2023-03-08T21:02:21.498Z] [info] Validating found git in: git
[2023-03-08T21:02:21.526Z] [info] Using git 2.31.1 from git
[2023-03-08T21:02:21.622Z] > git rev-parse --show-toplevel [84ms]
[2023-03-08T21:02:21.640Z] > git rev-parse --git-dir --git-common-dir [7ms]
[2023-03-08T21:02:21.646Z] [info] Open repository: /data/home/csmajs/txia024
[2023-03-08T21:02:21.662Z] > git rev-parse --show-toplevel [2ms]
[2023-03-08T21:02:21.668Z] > git rev-parse --show-toplevel [2ms]
[2023-03-08T21:02:21.674Z] > git rev-parse --show-toplevel [2ms]
[2023-03-08T21:02:21.679Z] > git rev-parse --show-toplevel [1ms]
[2023-03-08T21:02:21.684Z] > git rev-parse --show-toplevel [1ms]
[2023-03-08T21:02:21.689Z] > git rev-parse --show-toplevel [1ms]
[2023-03-08T21:02:21.695Z] > git rev-parse --show-toplevel [2ms]
[2023-03-08T21:02:21.721Z] > git rev-parse --show-toplevel [22ms]
[2023-03-08T21:02:21.732Z] > git rev-parse --show-toplevel [5ms]
[2023-03-08T21:02:21.739Z] > git rev-parse --show-toplevel [2ms]
[2023-03-08T21:02:21.747Z] > git rev-parse --show-toplevel [4ms]
[2023-03-08T21:02:21.752Z] > git rev-parse --show-toplevel [1ms]
[2023-03-08T21:02:21.757Z] > git rev-parse --show-toplevel [1ms]
[2023-03-08T21:02:21.762Z] > git rev-parse --show-toplevel [1ms]
[2023-03-08T21:02:21.767Z] > git rev-parse --show-toplevel [1ms]
[2023-03-08T21:02:21.772Z] > git rev-parse --show-toplevel [1ms]
[2023-03-08T21:02:21.776Z] > git rev-parse --show-toplevel [1ms]
[2023-03-08T21:02:21.781Z] > git rev-parse --show-toplevel [1ms]
[2023-03-08T21:02:21.786Z] > git rev-parse --show-toplevel [1ms]
[2023-03-08T21:02:21.794Z] > git rev-parse --show-toplevel [2ms]
[2023-03-08T21:02:21.801Z] > git rev-parse --show-toplevel [2ms]
[2023-03-08T21:02:21.807Z] > git rev-parse --show-toplevel [2ms]
[2023-03-08T21:02:21.822Z] > git rev-parse --show-toplevel [11ms]
[2023-03-08T21:02:21.833Z] > git rev-parse --show-toplevel [6ms]
[2023-03-08T21:02:21.845Z] > git status -z -uall [190ms]
[2023-03-08T21:02:21.856Z] > git symbolic-ref --short HEAD [12ms]
[2023-03-08T21:02:21.861Z] > git rev-parse --show-toplevel [6ms]
[2023-03-08T21:02:21.871Z] > git for-each-ref --format=%(refname)%00%(upstream:short)%00%(objectname)%00%(upstream:track)%00%(upstream:remotename)%00%(upstream:remoteref) refs/heads/main refs/remotes/main [11ms]
[2023-03-08T21:02:21.881Z] > git for-each-ref --sort -committerdate --format %(refname) %(objectname) %(*objectname) [6ms]
[2023-03-08T21:02:21.881Z] > git rev-parse --show-toplevel [11ms]
[2023-03-08T21:02:21.882Z] > git remote --verbose [2ms]
[2023-03-08T21:02:22.019Z] > git config --get commit.template [2ms]
[2023-03-08T21:02:22.836Z] > git status -z -uall [809ms]
[2023-03-08T21:02:22.837Z] > git symbolic-ref --short HEAD [2ms]
[2023-03-08T21:02:22.847Z] > git for-each-ref --format=%(refname)%00%(upstream:short)%00%(objectname)%00%(upstream:track)%00%(upstream:remotename)%00%(upstream:remoteref) refs/heads/main refs/remotes/main [2ms]
[2023-03-08T21:02:22.863Z] > git for-each-ref --sort -committerdate --format %(refname) %(objectname) %(*objectname) [9ms]
[2023-03-08T21:02:22.864Z] > git remote --verbose [2ms]
[2023-03-08T21:02:23.979Z] > git config --get commit.template [988ms]
[2023-03-08T21:02:24.773Z] > git rev-parse --show-toplevel [3ms]
[2023-03-08T21:04:13.488Z] > git rev-parse --show-toplevel [5ms]
[2023-03-08T21:04:15.696Z] > git rev-parse --show-toplevel [3ms]
[2023-03-08T21:07:08.718Z] > git rev-parse --show-toplevel [2ms]
