2023-03-07 15:52:56.056 [info] Log level: Info
2023-03-07 15:52:56.056 [info] Validating found git in: "git"
2023-03-07 15:52:56.056 [info] Using git "2.31.1" from "git"
2023-03-07 15:52:56.056 [info] > git rev-parse --show-toplevel [4ms]
2023-03-07 15:52:56.056 [info] > git rev-parse --git-dir --git-common-dir [2ms]
2023-03-07 15:52:56.056 [info] Open repository: /data/home/csmajs/txia024
2023-03-07 15:52:56.056 [info] > git rev-parse --show-toplevel [6ms]
2023-03-07 15:52:56.056 [info] > git config --get commit.template [9ms]
2023-03-07 15:52:56.056 [info] > git rev-parse --show-toplevel [84ms]
2023-03-07 15:52:56.056 [info] > git for-each-ref --format=%(refname)%00%(upstream:short)%00%(objectname)%00%(upstream:track)%00%(upstream:remotename)%00%(upstream:remoteref) refs/heads/main refs/remotes/main [7ms]
2023-03-07 15:52:56.056 [info] > git rev-parse --show-toplevel [12ms]
2023-03-07 15:52:56.057 [info] > git for-each-ref --sort -committerdate --format %(refname) %(objectname) %(*objectname) [5ms]
2023-03-07 15:52:56.057 [info] > git rev-parse --show-toplevel [3ms]
2023-03-07 15:52:56.057 [info] > git rev-parse --show-toplevel [2ms]
2023-03-07 15:52:56.057 [info] > git rev-parse --show-toplevel [1ms]
2023-03-07 15:52:56.057 [info] > git rev-parse --show-toplevel [2ms]
2023-03-07 15:52:56.057 [info] > git rev-parse --show-toplevel [2ms]
2023-03-07 15:52:56.057 [info] > git rev-parse --show-toplevel [2ms]
2023-03-07 15:52:56.078 [info] > git rev-parse --show-toplevel [22ms]
2023-03-07 15:52:56.085 [info] > git rev-parse --show-toplevel [2ms]
2023-03-07 15:52:56.092 [info] > git rev-parse --show-toplevel [3ms]
2023-03-07 15:52:56.097 [info] > git rev-parse --show-toplevel [1ms]
2023-03-07 15:52:56.102 [info] > git rev-parse --show-toplevel [1ms]
2023-03-07 15:52:56.107 [info] > git rev-parse --show-toplevel [1ms]
2023-03-07 15:52:56.116 [info] > git rev-parse --show-toplevel [4ms]
2023-03-07 15:52:56.121 [info] > git rev-parse --show-toplevel [1ms]
2023-03-07 15:52:56.128 [info] > git rev-parse --show-toplevel [2ms]
2023-03-07 15:52:56.379 [info] > git status -z -uall [367ms] (cancelled)
2023-03-07 15:52:57.388 [info] > git for-each-ref --format=%(refname)%00%(upstream:short)%00%(objectname)%00%(upstream:track)%00%(upstream:remotename)%00%(upstream:remoteref) refs/heads/main refs/remotes/main [1003ms]
2023-03-07 15:52:57.389 [info] > git config --get commit.template [1010ms]
2023-03-07 15:52:57.412 [info] > git for-each-ref --sort -committerdate --format %(refname) %(objectname) %(*objectname) [6ms]
2023-03-07 15:52:57.677 [info] > git status -z -uall [279ms] (cancelled)
2023-03-07 15:53:16.862 [info] > git rev-parse --show-toplevel [7ms]
2023-03-07 15:53:18.242 [info] > git rev-parse --show-toplevel [3ms]
2023-03-07 15:53:20.101 [info] > git rev-parse --show-toplevel [2ms]
2023-03-07 15:53:30.741 [info] > git rev-parse --show-toplevel [2ms]
2023-03-07 16:58:11.163 [info] > git rev-parse --show-toplevel [2ms]
2023-03-07 16:58:24.763 [info] > git rev-parse --show-toplevel [2ms]
2023-03-07 16:58:48.421 [info] > git rev-parse --show-toplevel [2ms]
2023-03-07 16:58:57.835 [info] > git rev-parse --show-toplevel [3ms]
2023-03-07 16:59:00.250 [info] > git rev-parse --show-toplevel [2ms]
2023-03-07 16:59:02.155 [info] > git rev-parse --show-toplevel [1ms]
2023-03-07 16:59:02.398 [info] > git rev-parse --show-toplevel [3ms]
2023-03-07 16:59:12.562 [info] > git rev-parse --show-toplevel [3ms]
2023-03-07 16:59:57.717 [info] > git rev-parse --show-toplevel [2ms]
2023-03-07 17:00:00.796 [info] > git rev-parse --show-toplevel [1ms]
2023-03-07 17:00:01.325 [info] > git rev-parse --show-toplevel [1ms]
2023-03-07 17:00:01.639 [info] > git rev-parse --show-toplevel [2ms]
2023-03-07 17:00:03.833 [info] > git rev-parse --show-toplevel [1ms]
2023-03-07 17:00:10.850 [info] > git rev-parse --show-toplevel [1ms]
2023-03-07 17:00:11.068 [info] > git rev-parse --show-toplevel [1ms]
2023-03-07 17:00:11.581 [info] > git rev-parse --show-toplevel [2ms]
2023-03-07 17:26:10.207 [info] > git rev-parse --show-toplevel [2ms]
2023-03-07 17:26:11.580 [info] > git rev-parse --show-toplevel [1ms]
2023-03-07 17:31:16.577 [info] > git rev-parse --show-toplevel [2ms]
2023-03-07 17:31:18.172 [info] > git rev-parse --show-toplevel [2ms]
2023-03-07 17:34:52.398 [info] > git rev-parse --show-toplevel [1ms]
2023-03-07 17:34:59.296 [info] > git rev-parse --show-toplevel [2ms]
2023-03-07 17:35:06.320 [info] > git rev-parse --show-toplevel [2ms]
2023-03-07 17:35:11.098 [info] > git rev-parse --show-toplevel [1ms]
2023-03-07 17:35:12.728 [info] > git rev-parse --show-toplevel [2ms]
2023-03-07 17:35:13.696 [info] > git rev-parse --show-toplevel [1ms]
2023-03-07 17:35:26.312 [info] > git rev-parse --show-toplevel [2ms]
2023-03-07 17:35:31.913 [info] > git rev-parse --show-toplevel [2ms]
2023-03-07 17:35:48.714 [info] > git rev-parse --show-toplevel [2ms]
2023-03-07 17:37:43.387 [info] > git rev-parse --show-toplevel [1ms]
2023-03-07 17:37:50.594 [info] > git rev-parse --show-toplevel [2ms]
2023-03-07 17:37:51.022 [info] > git rev-parse --show-toplevel [1ms]
2023-03-07 17:37:51.406 [info] > git rev-parse --show-toplevel [2ms]
2023-03-07 17:58:33.518 [info] > git rev-parse --show-toplevel [2ms]
2023-03-07 17:58:36.696 [info] > git rev-parse --show-toplevel [2ms]
2023-03-07 17:58:37.256 [info] > git rev-parse --show-toplevel [2ms]
2023-03-07 17:58:43.451 [info] > git rev-parse --show-toplevel [1ms]
2023-03-07 17:59:05.870 [info] > git rev-parse --show-toplevel [2ms]
2023-03-07 18:00:59.926 [info] > git rev-parse --show-toplevel [2ms]
2023-03-07 18:01:00.431 [info] > git rev-parse --show-toplevel [2ms]
2023-03-07 18:01:11.280 [info] > git rev-parse --show-toplevel [2ms]
2023-03-07 18:01:11.512 [info] > git rev-parse --show-toplevel [2ms]
2023-03-07 18:01:15.950 [info] > git rev-parse --show-toplevel [1ms]
2023-03-07 18:07:26.372 [info] > git rev-parse --show-toplevel [2ms]
2023-03-07 18:07:39.575 [info] > git rev-parse --show-toplevel [2ms]
2023-03-07 18:07:48.557 [info] > git rev-parse --show-toplevel [2ms]
2023-03-07 18:07:48.929 [info] > git rev-parse --show-toplevel [2ms]
2023-03-07 18:07:49.249 [info] > git rev-parse --show-toplevel [2ms]
2023-03-07 18:08:51.532 [info] > git rev-parse --show-toplevel [2ms]
2023-03-07 18:08:57.610 [info] > git rev-parse --show-toplevel [3ms]
2023-03-07 18:09:02.646 [info] > git rev-parse --show-toplevel [1ms]
2023-03-07 18:09:07.730 [info] > git rev-parse --show-toplevel [2ms]
2023-03-07 18:09:09.518 [info] > git rev-parse --show-toplevel [2ms]
2023-03-07 18:11:31.346 [info] > git rev-parse --show-toplevel [2ms]
2023-03-07 18:11:42.547 [info] > git rev-parse --show-toplevel [2ms]
2023-03-07 18:11:53.027 [info] > git rev-parse --show-toplevel [2ms]
2023-03-07 18:11:57.166 [info] > git rev-parse --show-toplevel [2ms]
2023-03-07 18:13:31.669 [info] > git rev-parse --show-toplevel [2ms]
2023-03-07 18:13:36.430 [info] > git rev-parse --show-toplevel [2ms]
2023-03-07 18:14:40.916 [info] > git rev-parse --show-toplevel [3ms]
2023-03-07 18:14:48.897 [info] > git rev-parse --show-toplevel [2ms]
2023-03-07 18:15:04.368 [info] > git rev-parse --show-toplevel [3ms]
2023-03-07 18:15:05.288 [info] > git rev-parse --show-toplevel [1ms]
2023-03-07 18:15:05.740 [info] > git rev-parse --show-toplevel [1ms]
2023-03-07 18:15:42.844 [info] > git rev-parse --show-toplevel [2ms]
2023-03-07 18:15:43.100 [info] > git rev-parse --show-toplevel [3ms]
2023-03-07 18:15:45.410 [info] > git rev-parse --show-toplevel [2ms]
2023-03-07 18:19:36.261 [info] > git rev-parse --show-toplevel [2ms]
2023-03-07 18:19:36.929 [info] > git rev-parse --show-toplevel [1ms]
2023-03-07 18:19:37.683 [info] > git rev-parse --show-toplevel [1ms]
2023-03-07 18:20:07.049 [info] > git rev-parse --show-toplevel [1ms]
2023-03-07 18:22:52.063 [info] > git rev-parse --show-toplevel [2ms]
2023-03-07 18:23:08.330 [info] > git rev-parse --show-toplevel [1ms]
2023-03-07 18:23:09.069 [info] > git rev-parse --show-toplevel [2ms]
2023-03-07 18:23:10.196 [info] > git rev-parse --show-toplevel [2ms]
2023-03-07 18:23:11.275 [info] > git rev-parse --show-toplevel [2ms]
2023-03-07 18:27:31.345 [info] > git rev-parse --show-toplevel [2ms]
2023-03-07 18:27:32.068 [info] > git rev-parse --show-toplevel [2ms]
2023-03-07 18:27:32.388 [info] > git rev-parse --show-toplevel [2ms]
2023-03-07 18:27:34.132 [info] > git rev-parse --show-toplevel [2ms]
2023-03-07 18:28:03.975 [info] > git rev-parse --show-toplevel [2ms]
2023-03-07 18:28:42.026 [info] > git rev-parse --show-toplevel [2ms]
2023-03-07 18:30:10.301 [info] > git rev-parse --show-toplevel [2ms]
2023-03-07 18:30:10.600 [info] > git rev-parse --show-toplevel [1ms]
2023-03-07 18:30:46.678 [info] > git rev-parse --show-toplevel [2ms]
2023-03-07 18:30:48.087 [info] > git rev-parse --show-toplevel [2ms]
