[2023-03-08T20:05:12.851Z] Log level: Info
[2023-03-08T20:05:12.857Z] [info] Validating found git in: git
[2023-03-08T20:05:12.885Z] [info] Using git 2.31.1 from git
[2023-03-08T20:05:12.901Z] > git rev-parse --show-toplevel [3ms]
[2023-03-08T20:05:12.915Z] > git rev-parse --git-dir --git-common-dir [8ms]
[2023-03-08T20:05:12.921Z] [info] Open repository: /data/home/csmajs/txia024
[2023-03-08T20:05:12.937Z] > git rev-parse --show-toplevel [2ms]
[2023-03-08T20:05:12.944Z] > git rev-parse --show-toplevel [2ms]
[2023-03-08T20:05:12.949Z] > git rev-parse --show-toplevel [2ms]
[2023-03-08T20:05:12.954Z] > git rev-parse --show-toplevel [1ms]
[2023-03-08T20:05:12.958Z] > git rev-parse --show-toplevel [1ms]
[2023-03-08T20:05:12.963Z] > git rev-parse --show-toplevel [1ms]
[2023-03-08T20:05:12.967Z] > git rev-parse --show-toplevel [1ms]
[2023-03-08T20:05:12.971Z] > git rev-parse --show-toplevel [1ms]
[2023-03-08T20:05:12.976Z] > git rev-parse --show-toplevel [2ms]
[2023-03-08T20:05:12.983Z] > git rev-parse --show-toplevel [2ms]
[2023-03-08T20:05:12.989Z] > git rev-parse --show-toplevel [1ms]
[2023-03-08T20:05:12.994Z] > git rev-parse --show-toplevel [1ms]
[2023-03-08T20:05:12.998Z] > git rev-parse --show-toplevel [1ms]
[2023-03-08T20:05:13.005Z] > git rev-parse --show-toplevel [4ms]
[2023-03-08T20:05:13.011Z] > git rev-parse --show-toplevel [3ms]
[2023-03-08T20:05:13.016Z] > git rev-parse --show-toplevel [1ms]
[2023-03-08T20:05:13.020Z] > git rev-parse --show-toplevel [1ms]
[2023-03-08T20:05:13.026Z] > git rev-parse --show-toplevel [2ms]
[2023-03-08T20:05:13.034Z] > git rev-parse --show-toplevel [5ms]
[2023-03-08T20:05:13.125Z] > git rev-parse --show-toplevel [85ms]
[2023-03-08T20:05:13.146Z] > git status -z -uall [216ms]
[2023-03-08T20:05:13.147Z] > git rev-parse --show-toplevel [16ms]
[2023-03-08T20:05:13.152Z] > git symbolic-ref --short HEAD [7ms]
[2023-03-08T20:05:13.156Z] > git rev-parse --show-toplevel [5ms]
[2023-03-08T20:05:13.160Z] > git for-each-ref --format=%(refname)%00%(upstream:short)%00%(objectname)%00%(upstream:track)%00%(upstream:remotename)%00%(upstream:remoteref) refs/heads/main refs/remotes/main [4ms]
[2023-03-08T20:05:13.168Z] > git for-each-ref --sort -committerdate --format %(refname) %(objectname) %(*objectname) [4ms]
[2023-03-08T20:05:13.169Z] > git rev-parse --show-toplevel [10ms]
[2023-03-08T20:05:13.170Z] > git remote --verbose [3ms]
[2023-03-08T20:05:14.169Z] > git config --get commit.template [12ms]
[2023-03-08T20:05:14.211Z] > git rev-parse --show-toplevel [8ms]
[2023-03-08T20:05:14.224Z] > git rev-parse --show-toplevel [5ms]
[2023-03-08T20:05:14.253Z] > git rev-parse --show-toplevel [22ms]
[2023-03-08T20:05:14.366Z] > git status -z -uall [185ms]
[2023-03-08T20:05:14.366Z] > git symbolic-ref --short HEAD [1ms]
[2023-03-08T20:05:14.377Z] > git for-each-ref --format=%(refname)%00%(upstream:short)%00%(objectname)%00%(upstream:track)%00%(upstream:remotename)%00%(upstream:remoteref) refs/heads/main refs/remotes/main [3ms]
[2023-03-08T20:05:14.390Z] > git for-each-ref --sort -committerdate --format %(refname) %(objectname) %(*objectname) [7ms]
[2023-03-08T20:05:14.391Z] > git remote --verbose [2ms]
[2023-03-08T20:05:15.596Z] > git config --get commit.template [1071ms]
[2023-03-08T20:05:58.089Z] > git rev-parse --show-toplevel [5ms]
[2023-03-08T20:06:19.288Z] > git rev-parse --show-toplevel [1ms]
[2023-03-08T20:06:32.929Z] > git rev-parse --show-toplevel [2ms]
[2023-03-08T20:06:33.230Z] > git rev-parse --show-toplevel [2ms]
[2023-03-08T20:06:33.606Z] > git rev-parse --show-toplevel [2ms]
[2023-03-08T20:37:41.016Z] > git rev-parse --show-toplevel [1ms]
[2023-03-08T20:38:39.508Z] > git rev-parse --show-toplevel [2ms]
[2023-03-08T20:40:10.107Z] > git rev-parse --show-toplevel [2ms]
[2023-03-08T20:40:51.408Z] > git rev-parse --show-toplevel [2ms]
[2023-03-08T20:40:55.102Z] > git rev-parse --show-toplevel [2ms]
[2023-03-08T20:42:02.883Z] > git rev-parse --show-toplevel [1ms]
[2023-03-08T20:42:28.994Z] > git rev-parse --show-toplevel [2ms]
[2023-03-08T20:42:29.767Z] > git rev-parse --show-toplevel [1ms]
[2023-03-08T20:42:30.066Z] > git rev-parse --show-toplevel [1ms]
[2023-03-08T20:42:30.627Z] > git rev-parse --show-toplevel [1ms]
[2023-03-08T20:42:31.220Z] > git rev-parse --show-toplevel [2ms]
[2023-03-08T20:43:01.989Z] > git rev-parse --show-toplevel [2ms]
[2023-03-08T20:44:23.273Z] > git rev-parse --show-toplevel [2ms]
[2023-03-08T20:44:25.838Z] > git rev-parse --show-toplevel [2ms]
[2023-03-08T20:45:46.441Z] > git rev-parse --show-toplevel [2ms]
[2023-03-08T20:47:23.454Z] > git rev-parse --show-toplevel [2ms]
[2023-03-08T20:47:44.016Z] > git rev-parse --show-toplevel [1ms]
[2023-03-08T20:48:03.450Z] > git rev-parse --show-toplevel [2ms]
[2023-03-08T20:48:06.334Z] > git rev-parse --show-toplevel [2ms]
[2023-03-08T20:48:06.688Z] > git rev-parse --show-toplevel [2ms]
[2023-03-08T20:48:07.086Z] > git rev-parse --show-toplevel [1ms]
[2023-03-08T20:48:10.196Z] > git rev-parse --show-toplevel [2ms]
[2023-03-08T20:48:27.211Z] > git rev-parse --show-toplevel [1ms]
[2023-03-08T20:48:52.572Z] > git rev-parse --show-toplevel [2ms]
[2023-03-08T20:48:58.879Z] > git rev-parse --show-toplevel [2ms]
[2023-03-08T20:49:25.018Z] > git rev-parse --show-toplevel [2ms]
[2023-03-08T20:49:25.474Z] > git rev-parse --show-toplevel [2ms]
[2023-03-08T20:49:59.587Z] > git rev-parse --show-toplevel [2ms]
[2023-03-08T20:50:39.481Z] > git rev-parse --show-toplevel [2ms]
[2023-03-08T20:51:06.501Z] > git rev-parse --show-toplevel [2ms]
[2023-03-08T20:51:09.033Z] > git rev-parse --show-toplevel [3ms]
[2023-03-08T20:51:53.939Z] > git rev-parse --show-toplevel [1ms]
[2023-03-08T20:52:05.184Z] > git rev-parse --show-toplevel [1ms]
[2023-03-08T20:52:09.295Z] > git rev-parse --show-toplevel [1ms]
[2023-03-08T20:52:09.870Z] > git rev-parse --show-toplevel [2ms]
[2023-03-08T20:52:21.327Z] > git rev-parse --show-toplevel [2ms]
[2023-03-08T20:52:38.838Z] > git rev-parse --show-toplevel [1ms]
[2023-03-08T20:52:39.849Z] > git rev-parse --show-toplevel [1ms]
[2023-03-08T20:52:44.334Z] > git rev-parse --show-toplevel [2ms]
[2023-03-08T20:53:11.609Z] > git rev-parse --show-toplevel [1ms]
