[2023-03-03T19:00:21.795Z] Log level: Info
[2023-03-03T19:00:21.801Z] [info] Validating found git in: git
[2023-03-03T19:00:21.830Z] [info] Using git 2.31.1 from git
[2023-03-03T19:00:21.848Z] > git rev-parse --show-toplevel [4ms]
[2023-03-03T19:00:21.857Z] > git rev-parse --git-dir --git-common-dir [2ms]
[2023-03-03T19:00:21.862Z] [info] Open repository: /data/home/csmajs/txia024
[2023-03-03T19:00:21.875Z] > git rev-parse --show-toplevel [1ms]
[2023-03-03T19:00:21.881Z] > git rev-parse --show-toplevel [1ms]
[2023-03-03T19:00:21.888Z] > git rev-parse --show-toplevel [3ms]
[2023-03-03T19:00:21.897Z] > git rev-parse --show-toplevel [3ms]
[2023-03-03T19:00:21.906Z] > git rev-parse --show-toplevel [5ms]
[2023-03-03T19:00:21.914Z] > git rev-parse --show-toplevel [4ms]
[2023-03-03T19:00:21.922Z] > git rev-parse --show-toplevel [4ms]
[2023-03-03T19:00:21.928Z] > git rev-parse --show-toplevel [2ms]
[2023-03-03T19:00:21.936Z] > git rev-parse --show-toplevel [4ms]
[2023-03-03T19:00:21.942Z] > git rev-parse --show-toplevel [2ms]
[2023-03-03T19:00:21.948Z] > git rev-parse --show-toplevel [2ms]
[2023-03-03T19:00:21.953Z] > git rev-parse --show-toplevel [1ms]
[2023-03-03T19:00:21.958Z] > git rev-parse --show-toplevel [1ms]
[2023-03-03T19:00:21.963Z] > git rev-parse --show-toplevel [1ms]
[2023-03-03T19:00:21.969Z] > git rev-parse --show-toplevel [2ms]
[2023-03-03T19:00:21.977Z] > git rev-parse --show-toplevel [3ms]
[2023-03-03T19:00:21.982Z] > git rev-parse --show-toplevel [2ms]
[2023-03-03T19:00:21.988Z] > git rev-parse --show-toplevel [2ms]
[2023-03-03T19:00:21.993Z] > git rev-parse --show-toplevel [1ms]
[2023-03-03T19:00:22.048Z] > git status -z -uall [178ms]
[2023-03-03T19:00:22.048Z] > git symbolic-ref --short HEAD [1ms]
[2023-03-03T19:00:22.055Z] > git for-each-ref --format=%(refname)%00%(upstream:short)%00%(objectname)%00%(upstream:track)%00%(upstream:remotename)%00%(upstream:remoteref) refs/heads/main refs/remotes/main [2ms]
[2023-03-03T19:00:22.064Z] > git for-each-ref --sort -committerdate --format %(refname) %(objectname) %(*objectname) [5ms]
[2023-03-03T19:00:22.064Z] > git remote --verbose [1ms]
[2023-03-03T19:00:23.016Z] > git config --get commit.template [12ms]
[2023-03-03T19:00:23.060Z] > git rev-parse --show-toplevel [8ms]
[2023-03-03T19:00:23.704Z] > git rev-parse --show-toplevel [636ms]
[2023-03-03T19:00:23.735Z] > git status -z -uall [707ms]
[2023-03-03T19:00:23.791Z] > git symbolic-ref --short HEAD [60ms]
[2023-03-03T19:00:23.808Z] > git for-each-ref --format=%(refname)%00%(upstream:short)%00%(objectname)%00%(upstream:track)%00%(upstream:remotename)%00%(upstream:remoteref) refs/heads/main refs/remotes/main [4ms]
[2023-03-03T19:00:23.833Z] > git for-each-ref --sort -committerdate --format %(refname) %(objectname) %(*objectname) [13ms]
[2023-03-03T19:00:23.834Z] > git remote --verbose [3ms]
[2023-03-03T19:00:25.113Z] > git config --get commit.template [40ms]
[2023-03-03T19:00:25.906Z] > git config --global user.email [5ms]
[2023-03-03T19:00:25.937Z] > git config --global user.name [18ms]
[2023-03-03T19:00:26.132Z] > git status -z -uall [181ms]
[2023-03-03T19:00:26.132Z] > git symbolic-ref --short HEAD [2ms]
[2023-03-03T19:00:26.148Z] > git for-each-ref --format=%(refname)%00%(upstream:short)%00%(objectname)%00%(upstream:track)%00%(upstream:remotename)%00%(upstream:remoteref) refs/heads/main refs/remotes/main [2ms]
[2023-03-03T19:00:26.174Z] > git for-each-ref --sort -committerdate --format %(refname) %(objectname) %(*objectname) [13ms]
[2023-03-03T19:00:26.175Z] > git remote --verbose [2ms]
[2023-03-03T19:00:27.341Z] > git config --get commit.template [32ms]
[2023-03-03T19:00:27.374Z] > git show -s --format=%an <%ae> [%ai] 99a6dd4eb0f09c3cda39b4509b1e5ad707d9b867 [13ms]
[2023-03-03T19:00:27.401Z] > git show -s --format=%H%n%aN%n%aE%n%at%n%ct%n%P%n%D%n%B -z 99a6dd4eb0f09c3cda39b4509b1e5ad707d9b867 [10ms]
[2023-03-03T19:00:38.414Z] > git rev-parse --show-toplevel [5ms]
[2023-03-03T19:00:38.797Z] > git rev-parse --show-toplevel [3ms]
[2023-03-03T19:00:40.075Z] > git rev-parse --show-toplevel [3ms]
[2023-03-03T19:00:40.694Z] > git rev-parse --show-toplevel [3ms]
[2023-03-03T19:01:33.143Z] > git rev-parse --show-toplevel [5ms]
[2023-03-03T19:02:35.152Z] > git rev-parse --show-toplevel [2ms]
[2023-03-03T19:02:46.709Z] > git rev-parse --show-toplevel [4ms]
[2023-03-03T19:02:48.360Z] > git rev-parse --show-toplevel [2ms]
[2023-03-03T19:02:49.298Z] > git rev-parse --show-toplevel [5ms]
[2023-03-03T19:02:51.557Z] > git rev-parse --show-toplevel [3ms]
