[2023-03-02T20:02:24.316Z] Log level: Info
[2023-03-02T20:02:24.322Z] [info] Validating found git in: git
[2023-03-02T20:02:24.352Z] [info] Using git 2.31.1 from git
[2023-03-02T20:02:24.371Z] > git rev-parse --show-toplevel [3ms]
[2023-03-02T20:02:24.382Z] > git rev-parse --git-dir --git-common-dir [3ms]
[2023-03-02T20:02:24.388Z] [info] Open repository: /data/home/csmajs/txia024
[2023-03-02T20:02:24.403Z] > git rev-parse --show-toplevel [4ms]
[2023-03-02T20:02:24.414Z] > git rev-parse --show-toplevel [7ms]
[2023-03-02T20:02:24.420Z] > git rev-parse --show-toplevel [2ms]
[2023-03-02T20:02:24.426Z] > git rev-parse --show-toplevel [2ms]
[2023-03-02T20:02:24.432Z] > git rev-parse --show-toplevel [2ms]
[2023-03-02T20:02:24.440Z] > git rev-parse --show-toplevel [4ms]
[2023-03-02T20:02:24.453Z] > git rev-parse --show-toplevel [8ms]
[2023-03-02T20:02:24.459Z] > git rev-parse --show-toplevel [2ms]
[2023-03-02T20:02:24.466Z] > git rev-parse --show-toplevel [2ms]
[2023-03-02T20:02:24.472Z] > git rev-parse --show-toplevel [2ms]
[2023-03-02T20:02:24.478Z] > git rev-parse --show-toplevel [2ms]
[2023-03-02T20:02:24.483Z] > git rev-parse --show-toplevel [1ms]
[2023-03-02T20:02:24.488Z] > git rev-parse --show-toplevel [1ms]
[2023-03-02T20:02:24.493Z] > git rev-parse --show-toplevel [1ms]
[2023-03-02T20:02:24.498Z] > git rev-parse --show-toplevel [1ms]
[2023-03-02T20:02:24.503Z] > git rev-parse --show-toplevel [1ms]
[2023-03-02T20:02:24.508Z] > git rev-parse --show-toplevel [1ms]
[2023-03-02T20:02:24.513Z] > git rev-parse --show-toplevel [1ms]
[2023-03-02T20:02:24.575Z] > git status -z -uall [180ms]
[2023-03-02T20:02:24.575Z] > git symbolic-ref --short HEAD [2ms]
[2023-03-02T20:02:24.582Z] > git for-each-ref --format=%(refname)%00%(upstream:short)%00%(objectname)%00%(upstream:track)%00%(upstream:remotename)%00%(upstream:remoteref) refs/heads/main refs/remotes/main [1ms]
[2023-03-02T20:02:24.592Z] > git for-each-ref --sort -committerdate --format %(refname) %(objectname) %(*objectname) [5ms]
[2023-03-02T20:02:24.592Z] > git remote --verbose [1ms]
[2023-03-02T20:02:25.543Z] > git config --get commit.template [15ms]
[2023-03-02T20:02:26.216Z] > git status -z -uall [663ms]
[2023-03-02T20:02:26.217Z] > git symbolic-ref --short HEAD [3ms]
[2023-03-02T20:02:26.236Z] > git for-each-ref --format=%(refname)%00%(upstream:short)%00%(objectname)%00%(upstream:track)%00%(upstream:remotename)%00%(upstream:remoteref) refs/heads/main refs/remotes/main [10ms]
[2023-03-02T20:02:26.308Z] > git for-each-ref --sort -committerdate --format %(refname) %(objectname) %(*objectname) [62ms]
[2023-03-02T20:02:26.310Z] > git remote --verbose [56ms]
[2023-03-02T20:02:27.517Z] > git config --get commit.template [1084ms]
[2023-03-02T20:02:27.599Z] > git rev-parse --show-toplevel [3ms]
[2023-03-02T20:02:27.656Z] > git rev-parse --show-toplevel [5ms]
[2023-03-02T20:02:27.705Z] > git rev-parse --show-toplevel [3ms]
[2023-03-02T20:02:28.528Z] > git config --global user.email [4ms]
[2023-03-02T20:02:28.547Z] > git config --global user.name [5ms]
[2023-03-02T20:02:28.749Z] > git status -z -uall [188ms]
[2023-03-02T20:02:28.750Z] > git symbolic-ref --short HEAD [2ms]
[2023-03-02T20:02:28.766Z] > git for-each-ref --format=%(refname)%00%(upstream:short)%00%(objectname)%00%(upstream:track)%00%(upstream:remotename)%00%(upstream:remoteref) refs/heads/main refs/remotes/main [2ms]
[2023-03-02T20:02:28.788Z] > git for-each-ref --sort -committerdate --format %(refname) %(objectname) %(*objectname) [10ms]
[2023-03-02T20:02:28.789Z] > git remote --verbose [1ms]
[2023-03-02T20:02:30.014Z] > git config --get commit.template [34ms]
[2023-03-02T20:02:30.047Z] > git show -s --format=%an <%ae> [%ai] 99a6dd4eb0f09c3cda39b4509b1e5ad707d9b867 [13ms]
[2023-03-02T20:02:30.075Z] > git show -s --format=%H%n%aN%n%aE%n%at%n%ct%n%P%n%D%n%B -z 99a6dd4eb0f09c3cda39b4509b1e5ad707d9b867 [10ms]
[2023-03-02T20:05:23.434Z] > git rev-parse --show-toplevel [6ms]
[2023-03-02T20:11:07.198Z] > git rev-parse --show-toplevel [4ms]
[2023-03-02T20:11:09.342Z] > git rev-parse --show-toplevel [3ms]
[2023-03-02T20:11:09.741Z] > git rev-parse --show-toplevel [3ms]
[2023-03-02T20:11:10.453Z] > git rev-parse --show-toplevel [2ms]
[2023-03-02T20:11:10.811Z] > git rev-parse --show-toplevel [5ms]
[2023-03-02T20:11:18.040Z] > git rev-parse --show-toplevel [3ms]
[2023-03-02T20:11:18.354Z] > git rev-parse --show-toplevel [4ms]
[2023-03-02T20:11:46.479Z] > git rev-parse --show-toplevel [3ms]
[2023-03-02T20:11:46.779Z] > git rev-parse --show-toplevel [2ms]
[2023-03-02T20:12:09.829Z] > git rev-parse --show-toplevel [3ms]
[2023-03-02T20:12:10.279Z] > git rev-parse --show-toplevel [3ms]
[2023-03-02T20:12:10.749Z] > git rev-parse --show-toplevel [3ms]
[2023-03-02T20:14:30.411Z] > git rev-parse --show-toplevel [3ms]
[2023-03-02T20:14:31.937Z] > git rev-parse --show-toplevel [3ms]
[2023-03-02T20:15:39.356Z] > git rev-parse --show-toplevel [3ms]
[2023-03-02T20:15:39.651Z] > git rev-parse --show-toplevel [3ms]
[2023-03-02T20:17:00.456Z] > git rev-parse --show-toplevel [2ms]
[2023-03-02T20:17:06.383Z] > git rev-parse --show-toplevel [2ms]
[2023-03-02T20:17:13.905Z] > git rev-parse --show-toplevel [2ms]
[2023-03-02T20:17:14.912Z] > git rev-parse --show-toplevel [4ms]
[2023-03-02T20:18:15.885Z] > git rev-parse --show-toplevel [2ms]
[2023-03-02T20:18:16.737Z] > git rev-parse --show-toplevel [2ms]
[2023-03-02T20:18:26.657Z] > git rev-parse --show-toplevel [2ms]
[2023-03-02T20:18:27.402Z] > git rev-parse --show-toplevel [2ms]
[2023-03-02T20:18:28.415Z] > git rev-parse --show-toplevel [2ms]
[2023-03-02T20:18:42.942Z] > git rev-parse --show-toplevel [3ms]
[2023-03-02T20:18:44.327Z] > git rev-parse --show-toplevel [6ms]
[2023-03-02T20:31:53.470Z] > git rev-parse --show-toplevel [3ms]
[2023-03-02T20:31:56.304Z] > git rev-parse --show-toplevel [2ms]
[2023-03-02T20:31:58.110Z] > git rev-parse --show-toplevel [3ms]
[2023-03-02T20:33:33.632Z] > git rev-parse --show-toplevel [3ms]
[2023-03-02T20:34:41.925Z] > git rev-parse --show-toplevel [2ms]
[2023-03-02T20:37:05.127Z] > git rev-parse --show-toplevel [4ms]
[2023-03-02T20:37:10.654Z] > git rev-parse --show-toplevel [3ms]
[2023-03-02T20:37:12.945Z] > git rev-parse --show-toplevel [5ms]
[2023-03-02T20:37:16.652Z] > git rev-parse --show-toplevel [3ms]
[2023-03-02T20:37:44.499Z] > git rev-parse --show-toplevel [3ms]
[2023-03-02T20:37:45.707Z] > git rev-parse --show-toplevel [3ms]
[2023-03-02T20:37:47.897Z] > git rev-parse --show-toplevel [5ms]
[2023-03-02T20:37:48.981Z] > git rev-parse --show-toplevel [2ms]
[2023-03-02T20:37:58.638Z] > git rev-parse --show-toplevel [3ms]
[2023-03-02T20:37:59.648Z] > git rev-parse --show-toplevel [7ms]
[2023-03-02T20:38:00.275Z] > git rev-parse --show-toplevel [4ms]
[2023-03-02T20:38:01.162Z] > git rev-parse --show-toplevel [2ms]
[2023-03-02T20:38:08.979Z] > git rev-parse --show-toplevel [4ms]
[2023-03-02T20:38:10.497Z] > git rev-parse --show-toplevel [2ms]
[2023-03-02T20:39:38.378Z] > git rev-parse --show-toplevel [3ms]
[2023-03-02T20:39:44.929Z] > git rev-parse --show-toplevel [3ms]
[2023-03-02T20:39:48.346Z] > git rev-parse --show-toplevel [3ms]
[2023-03-02T20:39:50.528Z] > git rev-parse --show-toplevel [4ms]
[2023-03-02T20:39:51.752Z] > git rev-parse --show-toplevel [3ms]
[2023-03-02T20:39:55.536Z] > git rev-parse --show-toplevel [3ms]
[2023-03-02T20:40:08.085Z] > git rev-parse --show-toplevel [2ms]
[2023-03-02T20:40:14.603Z] > git rev-parse --show-toplevel [2ms]
[2023-03-02T20:40:16.266Z] > git rev-parse --show-toplevel [3ms]
[2023-03-02T20:40:16.798Z] > git rev-parse --show-toplevel [2ms]
[2023-03-02T20:40:18.407Z] > git rev-parse --show-toplevel [3ms]
[2023-03-02T20:40:20.298Z] > git rev-parse --show-toplevel [3ms]
[2023-03-02T20:40:22.269Z] > git rev-parse --show-toplevel [3ms]
[2023-03-02T20:40:25.295Z] > git rev-parse --show-toplevel [2ms]
[2023-03-02T20:41:24.913Z] > git rev-parse --show-toplevel [3ms]
[2023-03-02T20:41:25.163Z] > git rev-parse --show-toplevel [3ms]
[2023-03-02T20:48:22.162Z] > git rev-parse --show-toplevel [7ms]
[2023-03-02T20:48:22.504Z] > git rev-parse --show-toplevel [3ms]
[2023-03-02T20:48:27.555Z] > git rev-parse --show-toplevel [2ms]
[2023-03-02T20:49:48.078Z] > git rev-parse --show-toplevel [2ms]
[2023-03-02T20:50:06.146Z] > git rev-parse --show-toplevel [2ms]
[2023-03-02T20:50:40.709Z] > git rev-parse --show-toplevel [3ms]
[2023-03-02T20:50:44.729Z] > git rev-parse --show-toplevel [2ms]
[2023-03-02T20:50:56.017Z] > git rev-parse --show-toplevel [2ms]
[2023-03-02T20:51:00.861Z] > git rev-parse --show-toplevel [2ms]
[2023-03-02T20:56:36.572Z] > git rev-parse --show-toplevel [2ms]
[2023-03-02T20:56:36.786Z] > git rev-parse --show-toplevel [2ms]
[2023-03-02T20:56:37.269Z] > git rev-parse --show-toplevel [2ms]
[2023-03-02T20:57:46.831Z] > git rev-parse --show-toplevel [2ms]
[2023-03-02T21:03:25.942Z] > git rev-parse --show-toplevel [2ms]
[2023-03-02T21:03:33.741Z] > git rev-parse --show-toplevel [2ms]
[2023-03-02T21:03:42.462Z] > git rev-parse --show-toplevel [2ms]
[2023-03-02T21:06:50.214Z] > git rev-parse --show-toplevel [9ms]
[2023-03-02T21:06:50.521Z] > git rev-parse --show-toplevel [3ms]
