2023-03-08 17:12:30.842 [info] Log level: Info
2023-03-08 17:12:30.842 [info] Validating found git in: "git"
2023-03-08 17:12:30.842 [info] Using git "2.31.1" from "git"
2023-03-08 17:12:30.842 [info] > git rev-parse --show-toplevel [4ms]
2023-03-08 17:12:30.842 [info] > git rev-parse --git-dir --git-common-dir [2ms]
2023-03-08 17:12:30.842 [info] Open repository: /data/home/csmajs/txia024
2023-03-08 17:12:30.842 [info] > git rev-parse --show-toplevel [6ms]
2023-03-08 17:12:30.842 [info] > git config --get commit.template [6ms]
2023-03-08 17:12:30.842 [info] > git rev-parse --show-toplevel [65ms]
2023-03-08 17:12:30.842 [info] > git for-each-ref --format=%(refname)%00%(upstream:short)%00%(objectname)%00%(upstream:track)%00%(upstream:remotename)%00%(upstream:remoteref) refs/heads/main refs/remotes/main [67ms]
2023-03-08 17:12:30.842 [info] > git rev-parse --show-toplevel [7ms]
2023-03-08 17:12:30.842 [info] > git rev-parse --show-toplevel [2ms]
2023-03-08 17:12:30.842 [info] > git rev-parse --show-toplevel [2ms]
2023-03-08 17:12:30.842 [info] > git rev-parse --show-toplevel [2ms]
2023-03-08 17:12:30.842 [info] > git rev-parse --show-toplevel [2ms]
2023-03-08 17:12:30.864 [info] > git rev-parse --show-toplevel [23ms]
2023-03-08 17:12:30.872 [info] > git rev-parse --show-toplevel [2ms]
2023-03-08 17:12:30.880 [info] > git rev-parse --show-toplevel [4ms]
2023-03-08 17:12:30.886 [info] > git rev-parse --show-toplevel [1ms]
2023-03-08 17:12:30.891 [info] > git rev-parse --show-toplevel [2ms]
2023-03-08 17:12:30.900 [info] > git rev-parse --show-toplevel [5ms]
2023-03-08 17:12:30.906 [info] > git rev-parse --show-toplevel [2ms]
2023-03-08 17:12:30.913 [info] > git rev-parse --show-toplevel [1ms]
2023-03-08 17:12:30.922 [info] > git rev-parse --show-toplevel [1ms]
2023-03-08 17:12:30.928 [info] > git rev-parse --show-toplevel [1ms]
2023-03-08 17:12:31.028 [info] > git rev-parse --show-toplevel [95ms]
2023-03-08 17:12:31.176 [info] > git status -z -uall [369ms] (cancelled)
2023-03-08 17:12:31.176 [info] > git rev-parse --show-toplevel [142ms]
2023-03-08 17:12:32.084 [info] > git config --get commit.template [893ms]
2023-03-08 17:12:32.085 [info] > git rev-parse --show-toplevel [901ms]
2023-03-08 17:12:32.105 [info] > git rev-parse --show-toplevel [7ms]
2023-03-08 17:12:32.242 [info] > git for-each-ref --format=%(refname)%00%(upstream:short)%00%(objectname)%00%(upstream:track)%00%(upstream:remotename)%00%(upstream:remoteref) refs/heads/main refs/remotes/main [118ms]
2023-03-08 17:12:32.254 [info] > git rev-parse --show-toplevel [139ms]
2023-03-08 17:12:32.547 [info] > git status -z -uall [293ms] (cancelled)
2023-03-08 17:12:38.999 [info] > git rev-parse --show-toplevel [3ms]
2023-03-08 17:12:39.516 [info] > git check-ignore -v -z --stdin [3ms]
2023-03-08 17:12:41.252 [info] > git rev-parse --show-toplevel [6ms]
2023-03-08 17:12:42.716 [info] > git rev-parse --show-toplevel [4ms]
2023-03-08 17:12:50.000 [info] > git rev-parse --show-toplevel [2ms]
2023-03-08 17:12:50.277 [info] > git rev-parse --show-toplevel [2ms]
2023-03-08 17:12:50.579 [info] > git rev-parse --show-toplevel [3ms]
2023-03-08 17:12:51.821 [info] > git rev-parse --show-toplevel [3ms]
2023-03-08 17:12:53.788 [info] > git rev-parse --show-toplevel [2ms]
2023-03-08 17:12:54.247 [info] > git rev-parse --show-toplevel [2ms]
2023-03-08 17:12:54.644 [info] > git rev-parse --show-toplevel [2ms]
2023-03-08 17:13:20.877 [info] > git rev-parse --show-toplevel [2ms]
2023-03-08 17:13:31.868 [info] > git rev-parse --show-toplevel [3ms]
2023-03-08 17:13:32.146 [info] > git rev-parse --show-toplevel [3ms]
