[2023-03-02T21:09:01.108Z] Log level: Info
[2023-03-02T21:09:01.114Z] [info] Validating found git in: git
[2023-03-02T21:09:01.140Z] [info] Using git 2.31.1 from git
[2023-03-02T21:09:01.160Z] > git rev-parse --show-toplevel [4ms]
[2023-03-02T21:09:01.178Z] > git rev-parse --git-dir --git-common-dir [9ms]
[2023-03-02T21:09:01.184Z] [info] Open repository: /data/home/csmajs/txia024
[2023-03-02T21:09:01.207Z] > git rev-parse --show-toplevel [5ms]
[2023-03-02T21:09:01.215Z] > git rev-parse --show-toplevel [2ms]
[2023-03-02T21:09:01.222Z] > git rev-parse --show-toplevel [1ms]
[2023-03-02T21:09:01.229Z] > git rev-parse --show-toplevel [1ms]
[2023-03-02T21:09:01.237Z] > git rev-parse --show-toplevel [3ms]
[2023-03-02T21:09:01.247Z] > git rev-parse --show-toplevel [5ms]
[2023-03-02T21:09:01.261Z] > git rev-parse --show-toplevel [10ms]
[2023-03-02T21:09:01.268Z] > git rev-parse --show-toplevel [2ms]
[2023-03-02T21:09:01.276Z] > git rev-parse --show-toplevel [3ms]
[2023-03-02T21:09:01.286Z] > git rev-parse --show-toplevel [6ms]
[2023-03-02T21:09:01.294Z] > git rev-parse --show-toplevel [2ms]
[2023-03-02T21:09:01.301Z] > git rev-parse --show-toplevel [2ms]
[2023-03-02T21:09:01.307Z] > git rev-parse --show-toplevel [2ms]
[2023-03-02T21:09:01.313Z] > git rev-parse --show-toplevel [2ms]
[2023-03-02T21:09:01.318Z] > git rev-parse --show-toplevel [1ms]
[2023-03-02T21:09:01.324Z] > git rev-parse --show-toplevel [1ms]
[2023-03-02T21:09:01.329Z] > git rev-parse --show-toplevel [1ms]
[2023-03-02T21:09:01.335Z] > git rev-parse --show-toplevel [1ms]
[2023-03-02T21:09:01.381Z] > git status -z -uall [186ms]
[2023-03-02T21:09:01.382Z] > git symbolic-ref --short HEAD [3ms]
[2023-03-02T21:09:01.398Z] > git for-each-ref --format=%(refname)%00%(upstream:short)%00%(objectname)%00%(upstream:track)%00%(upstream:remotename)%00%(upstream:remoteref) refs/heads/main refs/remotes/main [10ms]
[2023-03-02T21:09:01.412Z] > git for-each-ref --sort -committerdate --format %(refname) %(objectname) %(*objectname) [7ms]
[2023-03-02T21:09:01.413Z] > git remote --verbose [2ms]
[2023-03-02T21:09:02.464Z] > git config --get commit.template [15ms]
[2023-03-02T21:09:02.504Z] > git rev-parse --show-toplevel [8ms]
[2023-03-02T21:09:03.197Z] > git rev-parse --show-toplevel [683ms]
[2023-03-02T21:09:03.226Z] > git status -z -uall [750ms]
[2023-03-02T21:09:03.226Z] > git symbolic-ref --short HEAD [8ms]
[2023-03-02T21:09:03.296Z] > git for-each-ref --format=%(refname)%00%(upstream:short)%00%(objectname)%00%(upstream:track)%00%(upstream:remotename)%00%(upstream:remoteref) refs/heads/main refs/remotes/main [60ms]
[2023-03-02T21:09:03.320Z] > git for-each-ref --sort -committerdate --format %(refname) %(objectname) %(*objectname) [12ms]
[2023-03-02T21:09:03.322Z] > git remote --verbose [5ms]
[2023-03-02T21:09:04.661Z] > git config --get commit.template [57ms]
[2023-03-02T21:09:04.733Z] > git rev-parse --show-toplevel [5ms]
[2023-03-02T21:09:04.763Z] > git rev-parse --show-toplevel [4ms]
[2023-03-02T21:09:05.098Z] > git rev-parse --show-toplevel [4ms]
[2023-03-02T21:09:05.185Z] > git rev-parse --show-toplevel [3ms]
[2023-03-02T21:09:05.470Z] > git rev-parse --show-toplevel [13ms]
[2023-03-02T21:09:05.742Z] > git config --global user.email [3ms]
[2023-03-02T21:09:05.765Z] > git config --global user.name [12ms]
[2023-03-02T21:09:05.872Z] > git rev-parse --show-toplevel [4ms]
[2023-03-02T21:09:05.959Z] > git status -z -uall [183ms]
[2023-03-02T21:09:05.959Z] > git symbolic-ref --short HEAD [7ms]
[2023-03-02T21:09:05.975Z] > git for-each-ref --format=%(refname)%00%(upstream:short)%00%(objectname)%00%(upstream:track)%00%(upstream:remotename)%00%(upstream:remoteref) refs/heads/main refs/remotes/main [2ms]
[2023-03-02T21:09:06.003Z] > git for-each-ref --sort -committerdate --format %(refname) %(objectname) %(*objectname) [16ms]
[2023-03-02T21:09:06.004Z] > git remote --verbose [3ms]
[2023-03-02T21:09:07.183Z] > git config --get commit.template [35ms]
[2023-03-02T21:09:07.213Z] > git show -s --format=%an <%ae> [%ai] 99a6dd4eb0f09c3cda39b4509b1e5ad707d9b867 [12ms]
[2023-03-02T21:09:07.259Z] > git rev-parse --show-toplevel [5ms]
[2023-03-02T21:09:07.259Z] > git show -s --format=%H%n%aN%n%aE%n%at%n%ct%n%P%n%D%n%B -z 99a6dd4eb0f09c3cda39b4509b1e5ad707d9b867 [30ms]
