[2023-03-08T18:29:51.294Z] Log level: Info
[2023-03-08T18:29:51.300Z] [info] Validating found git in: git
[2023-03-08T18:29:51.324Z] [info] Using git 2.31.1 from git
[2023-03-08T18:29:51.412Z] > git rev-parse --show-toplevel [76ms]
[2023-03-08T18:29:51.429Z] > git rev-parse --git-dir --git-common-dir [7ms]
[2023-03-08T18:29:51.436Z] [info] Open repository: /data/home/csmajs/txia024
[2023-03-08T18:29:51.452Z] > git rev-parse --show-toplevel [1ms]
[2023-03-08T18:29:51.458Z] > git rev-parse --show-toplevel [2ms]
[2023-03-08T18:29:51.466Z] > git rev-parse --show-toplevel [4ms]
[2023-03-08T18:29:51.473Z] > git rev-parse --show-toplevel [3ms]
[2023-03-08T18:29:51.479Z] > git rev-parse --show-toplevel [2ms]
[2023-03-08T18:29:51.502Z] > git rev-parse --show-toplevel [20ms]
[2023-03-08T18:29:51.509Z] > git rev-parse --show-toplevel [2ms]
[2023-03-08T18:29:51.518Z] > git rev-parse --show-toplevel [5ms]
[2023-03-08T18:29:51.523Z] > git rev-parse --show-toplevel [2ms]
[2023-03-08T18:29:51.527Z] > git rev-parse --show-toplevel [1ms]
[2023-03-08T18:29:51.532Z] > git rev-parse --show-toplevel [1ms]
[2023-03-08T18:29:51.537Z] > git rev-parse --show-toplevel [1ms]
[2023-03-08T18:29:51.542Z] > git rev-parse --show-toplevel [1ms]
[2023-03-08T18:29:51.546Z] > git rev-parse --show-toplevel [1ms]
[2023-03-08T18:29:51.552Z] > git rev-parse --show-toplevel [2ms]
[2023-03-08T18:29:51.557Z] > git rev-parse --show-toplevel [1ms]
[2023-03-08T18:29:51.561Z] > git rev-parse --show-toplevel [1ms]
[2023-03-08T18:29:51.571Z] > git rev-parse --show-toplevel [6ms]
[2023-03-08T18:29:51.579Z] > git rev-parse --show-toplevel [2ms]
[2023-03-08T18:29:51.586Z] > git rev-parse --show-toplevel [1ms]
[2023-03-08T18:29:51.592Z] > git rev-parse --show-toplevel [1ms]
[2023-03-08T18:29:51.597Z] > git rev-parse --show-toplevel [1ms]
[2023-03-08T18:29:51.602Z] > git rev-parse --show-toplevel [1ms]
[2023-03-08T18:29:51.633Z] > git status -z -uall [187ms]
[2023-03-08T18:29:51.634Z] > git symbolic-ref --short HEAD [1ms]
[2023-03-08T18:29:51.640Z] > git for-each-ref --format=%(refname)%00%(upstream:short)%00%(objectname)%00%(upstream:track)%00%(upstream:remotename)%00%(upstream:remoteref) refs/heads/main refs/remotes/main [2ms]
[2023-03-08T18:29:51.649Z] > git for-each-ref --sort -committerdate --format %(refname) %(objectname) %(*objectname) [5ms]
[2023-03-08T18:29:51.649Z] > git remote --verbose [1ms]
[2023-03-08T18:29:52.629Z] > git config --get commit.template [834ms]
[2023-03-08T18:29:52.680Z] > git rev-parse --show-toplevel [6ms]
[2023-03-08T18:29:52.693Z] > git rev-parse --show-toplevel [6ms]
[2023-03-08T18:29:52.708Z] > git rev-parse --show-toplevel [8ms]
[2023-03-08T18:29:52.815Z] > git rev-parse --show-toplevel [98ms]
[2023-03-08T18:29:52.833Z] > git status -z -uall [191ms]
[2023-03-08T18:29:52.834Z] > git symbolic-ref --short HEAD [2ms]
[2023-03-08T18:29:52.843Z] > git for-each-ref --format=%(refname)%00%(upstream:short)%00%(objectname)%00%(upstream:track)%00%(upstream:remotename)%00%(upstream:remoteref) refs/heads/main refs/remotes/main [2ms]
[2023-03-08T18:29:52.856Z] > git for-each-ref --sort -committerdate --format %(refname) %(objectname) %(*objectname) [6ms]
[2023-03-08T18:29:52.857Z] > git remote --verbose [1ms]
[2023-03-08T18:29:52.978Z] > git config --get commit.template [2ms]
[2023-03-08T18:32:18.630Z] > git rev-parse --show-toplevel [5ms]
[2023-03-08T18:32:24.742Z] > git rev-parse --show-toplevel [1ms]
[2023-03-08T18:35:42.611Z] > git rev-parse --show-toplevel [2ms]
