[2023-03-03T00:07:34.573Z] Log level: Info
[2023-03-03T00:07:34.578Z] [info] Validating found git in: git
[2023-03-03T00:07:34.606Z] [info] Using git 2.31.1 from git
[2023-03-03T00:07:34.624Z] > git rev-parse --show-toplevel [3ms]
[2023-03-03T00:07:34.633Z] > git rev-parse --git-dir --git-common-dir [2ms]
[2023-03-03T00:07:34.638Z] [info] Open repository: /data/home/csmajs/txia024
[2023-03-03T00:07:34.652Z] > git rev-parse --show-toplevel [2ms]
[2023-03-03T00:07:34.657Z] > git rev-parse --show-toplevel [1ms]
[2023-03-03T00:07:34.666Z] > git rev-parse --show-toplevel [5ms]
[2023-03-03T00:07:34.674Z] > git rev-parse --show-toplevel [4ms]
[2023-03-03T00:07:34.684Z] > git rev-parse --show-toplevel [6ms]
[2023-03-03T00:07:34.694Z] > git rev-parse --show-toplevel [5ms]
[2023-03-03T00:07:34.700Z] > git rev-parse --show-toplevel [2ms]
[2023-03-03T00:07:34.707Z] > git rev-parse --show-toplevel [2ms]
[2023-03-03T00:07:34.713Z] > git rev-parse --show-toplevel [2ms]
[2023-03-03T00:07:34.718Z] > git rev-parse --show-toplevel [1ms]
[2023-03-03T00:07:34.724Z] > git rev-parse --show-toplevel [1ms]
[2023-03-03T00:07:34.732Z] > git rev-parse --show-toplevel [3ms]
[2023-03-03T00:07:34.740Z] > git rev-parse --show-toplevel [2ms]
[2023-03-03T00:07:34.746Z] > git rev-parse --show-toplevel [2ms]
[2023-03-03T00:07:34.751Z] > git rev-parse --show-toplevel [1ms]
[2023-03-03T00:07:34.756Z] > git rev-parse --show-toplevel [1ms]
[2023-03-03T00:07:34.761Z] > git rev-parse --show-toplevel [1ms]
[2023-03-03T00:07:34.765Z] > git rev-parse --show-toplevel [1ms]
[2023-03-03T00:07:34.825Z] > git status -z -uall [179ms]
[2023-03-03T00:07:34.825Z] > git symbolic-ref --short HEAD [1ms]
[2023-03-03T00:07:34.832Z] > git for-each-ref --format=%(refname)%00%(upstream:short)%00%(objectname)%00%(upstream:track)%00%(upstream:remotename)%00%(upstream:remoteref) refs/heads/main refs/remotes/main [2ms]
[2023-03-03T00:07:34.841Z] > git for-each-ref --sort -committerdate --format %(refname) %(objectname) %(*objectname) [4ms]
[2023-03-03T00:07:34.842Z] > git remote --verbose [2ms]
[2023-03-03T00:07:35.832Z] > git config --get commit.template [15ms]
[2023-03-03T00:07:35.869Z] > git rev-parse --show-toplevel [7ms]
[2023-03-03T00:07:36.542Z] > git rev-parse --show-toplevel [665ms]
[2023-03-03T00:07:36.572Z] > git status -z -uall [729ms]
[2023-03-03T00:07:36.630Z] > git symbolic-ref --short HEAD [62ms]
[2023-03-03T00:07:36.645Z] > git for-each-ref --format=%(refname)%00%(upstream:short)%00%(objectname)%00%(upstream:track)%00%(upstream:remotename)%00%(upstream:remoteref) refs/heads/main refs/remotes/main [3ms]
[2023-03-03T00:07:36.668Z] > git for-each-ref --sort -committerdate --format %(refname) %(objectname) %(*objectname) [12ms]
[2023-03-03T00:07:36.669Z] > git remote --verbose [3ms]
[2023-03-03T00:07:37.964Z] > git config --get commit.template [1157ms]
[2023-03-03T00:07:38.896Z] > git config --global user.email [4ms]
[2023-03-03T00:07:38.926Z] > git config --global user.name [17ms]
[2023-03-03T00:07:39.120Z] > git status -z -uall [178ms]
[2023-03-03T00:07:39.120Z] > git symbolic-ref --short HEAD [1ms]
[2023-03-03T00:07:39.138Z] > git for-each-ref --format=%(refname)%00%(upstream:short)%00%(objectname)%00%(upstream:track)%00%(upstream:remotename)%00%(upstream:remoteref) refs/heads/main refs/remotes/main [2ms]
[2023-03-03T00:07:39.173Z] > git for-each-ref --sort -committerdate --format %(refname) %(objectname) %(*objectname) [18ms]
[2023-03-03T00:07:39.174Z] > git remote --verbose [3ms]
[2023-03-03T00:07:40.392Z] > git config --get commit.template [37ms]
[2023-03-03T00:07:40.426Z] > git show -s --format=%an <%ae> [%ai] 99a6dd4eb0f09c3cda39b4509b1e5ad707d9b867 [11ms]
[2023-03-03T00:07:40.457Z] > git show -s --format=%H%n%aN%n%aE%n%at%n%ct%n%P%n%D%n%B -z 99a6dd4eb0f09c3cda39b4509b1e5ad707d9b867 [11ms]
[2023-03-03T00:08:25.376Z] > git rev-parse --show-toplevel [11ms]
[2023-03-03T00:08:38.693Z] > git rev-parse --show-toplevel [3ms]
[2023-03-03T00:08:40.520Z] > git rev-parse --show-toplevel [5ms]
[2023-03-03T00:09:22.234Z] > git rev-parse --show-toplevel [3ms]
