[2023-03-02 16:03:34.241] [exthost] [info] Extension host with pid 282072 started
[2023-03-02 16:03:34.250] [exthost] [info] Lock '/home/csmajs/txia024/.vscode-server/data/User/workspaceStorage/414fd2baf52539f1a5b00978e376b760/vscode.lock': Lock acquired.
[2023-03-02 16:03:34.335] [exthost] [info] ExtensionService#_doActivateExtension ms-vscode.cpptools, startup: false, activationEvent: 'onLanguage:cpp'
[2023-03-02 16:03:34.336] [exthost] [info] ExtensionService#_doActivateExtension vscode.debug-auto-launch, startup: true, activationEvent: '*'
[2023-03-02 16:03:34.336] [exthost] [info] ExtensionService#_doActivateExtension vscode.git-base, startup: true, activationEvent: '*', root cause: vscode.git
[2023-03-02 16:03:34.336] [exthost] [info] ExtensionService#_doActivateExtension vscode.ipynb, startup: true, activationEvent: '*'
[2023-03-02 16:03:34.729] [exthost] [info] ExtensionService#_doActivateExtension vscode.git, startup: true, activationEvent: '*'
[2023-03-02 16:03:34.729] [exthost] [info] ExtensionService#_doActivateExtension vscode.github, startup: true, activationEvent: '*'
[2023-03-02 16:03:35.260] [exthost] [warning] [Decorations] CAPPING events from decorations provider vscode.git 10000
[2023-03-02 16:03:36.112] [exthost] [info] ExtensionService#_doActivateExtension vscode.configuration-editing, startup: false, activationEvent: 'onLanguage:json'
[2023-03-02 16:03:36.112] [exthost] [info] ExtensionService#_doActivateExtension vscode.extension-editing, startup: false, activationEvent: 'onLanguage:json'
[2023-03-02 16:03:36.112] [exthost] [info] ExtensionService#_doActivateExtension vscode.json-language-features, startup: false, activationEvent: 'onLanguage:json'
[2023-03-02 16:03:36.113] [exthost] [info] ExtensionService#_doActivateExtension vscode.npm, startup: false, activationEvent: 'onLanguage:json'
[2023-03-02 16:03:36.358] [exthost] [info] ExtensionService#_doActivateExtension vscode.emmet, startup: false, activationEvent: 'onStartupFinished'
[2023-03-02 16:03:36.358] [exthost] [info] ExtensionService#_doActivateExtension vscode.merge-conflict, startup: false, activationEvent: 'onStartupFinished'
[2023-03-02 16:03:36.358] [exthost] [info] ExtensionService#_doActivateExtension formulahendry.code-runner, startup: false, activationEvent: 'onStartupFinished'
[2023-03-02 16:03:36.358] [exthost] [info] ExtensionService#_doActivateExtension ms-vsliveshare.vsliveshare, startup: false, activationEvent: 'onStartupFinished'
[2023-03-02 16:03:36.359] [exthost] [info] ExtensionService#_doActivateExtension ritwickdey.LiveServer, startup: false, activationEvent: 'onStartupFinished'
[2023-03-02 16:03:36.359] [exthost] [info] Eager extensions activated
[2023-03-02 16:03:37.182] [exthost] [warning] [Decorations] CAPPING events from decorations provider vscode.git 10022
[2023-03-02 16:03:38.671] [exthost] [info] ExtensionService#_doActivateExtension vscode.typescript-language-features, startup: false, activationEvent: 'onLanguage:jsonc'
[2023-03-02 16:03:39.034] [exthost] [info] ExtensionService#_doActivateExtension esbenp.prettier-vscode, startup: false, activationEvent: 'onStartupFinished'
[2023-03-02 16:03:39.525] [exthost] [warning] DiagnosticCollection with name 'C/C++' does already exist.
[2023-03-02 16:03:39.679] [exthost] [warning] [Decorations] CAPPING events from decorations provider vscode.git 10005
[2023-03-02 16:04:38.928] [exthost] [info] Extension host terminating: received terminate message from renderer
[2023-03-02 16:04:38.929] [exthost] [info] Lock '/home/csmajs/txia024/.vscode-server/data/User/workspaceStorage/414fd2baf52539f1a5b00978e376b760/vscode.lock': Marking the lockfile as scheduled to be released in 6000 ms.
[2023-03-02 16:04:39.087] [exthost] [error] [ms-vscode.cpptools] provider FAILED
[2023-03-02 16:04:39.087] [exthost] [error] Error: Pending response rejected since connection got disposed
	at Object.dispose (/data/home/csmajs/txia024/.vscode-server/extensions/ms-vscode.cpptools-1.14.4-linux-x64/dist/main.js:57932:27)
	at Object.dispose (/data/home/csmajs/txia024/.vscode-server/extensions/ms-vscode.cpptools-1.14.4-linux-x64/dist/main.js:61575:35)
	at /data/home/csmajs/txia024/.vscode-server/extensions/ms-vscode.cpptools-1.14.4-linux-x64/dist/main.js:61004:28
	at runMicrotasks (<anonymous>)
	at processTicksAndRejections (node:internal/process/task_queues:96:5)
[2023-03-02 16:04:39.087] [exthost] [error] [ms-vscode.cpptools] provider FAILED
[2023-03-02 16:04:39.087] [exthost] [error] Error: Pending response rejected since connection got disposed
	at Object.dispose (/data/home/csmajs/txia024/.vscode-server/extensions/ms-vscode.cpptools-1.14.4-linux-x64/dist/main.js:57932:27)
	at Object.dispose (/data/home/csmajs/txia024/.vscode-server/extensions/ms-vscode.cpptools-1.14.4-linux-x64/dist/main.js:61575:35)
	at /data/home/csmajs/txia024/.vscode-server/extensions/ms-vscode.cpptools-1.14.4-linux-x64/dist/main.js:61004:28
	at runMicrotasks (<anonymous>)
	at processTicksAndRejections (node:internal/process/task_queues:96:5)
[2023-03-02 16:04:39.087] [exthost] [error] [ms-vscode.cpptools] provider FAILED
[2023-03-02 16:04:39.087] [exthost] [error] Error: Pending response rejected since connection got disposed
	at Object.dispose (/data/home/csmajs/txia024/.vscode-server/extensions/ms-vscode.cpptools-1.14.4-linux-x64/dist/main.js:57932:27)
	at Object.dispose (/data/home/csmajs/txia024/.vscode-server/extensions/ms-vscode.cpptools-1.14.4-linux-x64/dist/main.js:61575:35)
	at /data/home/csmajs/txia024/.vscode-server/extensions/ms-vscode.cpptools-1.14.4-linux-x64/dist/main.js:61004:28
	at runMicrotasks (<anonymous>)
	at processTicksAndRejections (node:internal/process/task_queues:96:5)
[2023-03-02 16:04:39.087] [exthost] [error] [ms-vscode.cpptools] provider FAILED
[2023-03-02 16:04:39.087] [exthost] [error] Error: Pending response rejected since connection got disposed
	at Object.dispose (/data/home/csmajs/txia024/.vscode-server/extensions/ms-vscode.cpptools-1.14.4-linux-x64/dist/main.js:57932:27)
	at Object.dispose (/data/home/csmajs/txia024/.vscode-server/extensions/ms-vscode.cpptools-1.14.4-linux-x64/dist/main.js:61575:35)
	at /data/home/csmajs/txia024/.vscode-server/extensions/ms-vscode.cpptools-1.14.4-linux-x64/dist/main.js:61004:28
	at runMicrotasks (<anonymous>)
	at processTicksAndRejections (node:internal/process/task_queues:96:5)
[2023-03-02 16:04:39.087] [exthost] [error] [ms-vscode.cpptools] provider FAILED
[2023-03-02 16:04:39.087] [exthost] [error] Error: Pending response rejected since connection got disposed
	at Object.dispose (/data/home/csmajs/txia024/.vscode-server/extensions/ms-vscode.cpptools-1.14.4-linux-x64/dist/main.js:57932:27)
	at Object.dispose (/data/home/csmajs/txia024/.vscode-server/extensions/ms-vscode.cpptools-1.14.4-linux-x64/dist/main.js:61575:35)
	at /data/home/csmajs/txia024/.vscode-server/extensions/ms-vscode.cpptools-1.14.4-linux-x64/dist/main.js:61004:28
	at runMicrotasks (<anonymous>)
	at processTicksAndRejections (node:internal/process/task_queues:96:5)
[2023-03-02 16:04:39.087] [exthost] [error] [ms-vscode.cpptools] provider FAILED
[2023-03-02 16:04:39.087] [exthost] [error] Error: Pending response rejected since connection got disposed
	at Object.dispose (/data/home/csmajs/txia024/.vscode-server/extensions/ms-vscode.cpptools-1.14.4-linux-x64/dist/main.js:57932:27)
	at Object.dispose (/data/home/csmajs/txia024/.vscode-server/extensions/ms-vscode.cpptools-1.14.4-linux-x64/dist/main.js:61575:35)
	at /data/home/csmajs/txia024/.vscode-server/extensions/ms-vscode.cpptools-1.14.4-linux-x64/dist/main.js:61004:28
	at runMicrotasks (<anonymous>)
	at processTicksAndRejections (node:internal/process/task_queues:96:5)
[2023-03-02 16:04:39.088] [exthost] [info] Extension host with pid 282072 exiting with code 0
