2023-03-07 20:37:12.146 [info] Log level: Info
2023-03-07 20:37:12.146 [info] Validating found git in: "git"
2023-03-07 20:37:12.146 [info] Using git "2.31.1" from "git"
2023-03-07 20:37:12.146 [info] > git rev-parse --show-toplevel [4ms]
2023-03-07 20:37:12.146 [info] > git rev-parse --git-dir --git-common-dir [2ms]
2023-03-07 20:37:12.146 [info] Open repository: /data/home/csmajs/txia024
2023-03-07 20:37:12.146 [info] > git rev-parse --show-toplevel [8ms]
2023-03-07 20:37:12.146 [info] > git config --get commit.template [7ms]
2023-03-07 20:37:12.146 [info] > git rev-parse --show-toplevel [7ms]
2023-03-07 20:37:12.146 [info] > git for-each-ref --format=%(refname)%00%(upstream:short)%00%(objectname)%00%(upstream:track)%00%(upstream:remotename)%00%(upstream:remoteref) refs/heads/main refs/remotes/main [5ms]
2023-03-07 20:37:12.146 [info] > git rev-parse --show-toplevel [7ms]
2023-03-07 20:37:12.146 [info] > git rev-parse --show-toplevel [2ms]
2023-03-07 20:37:12.146 [info] > git rev-parse --show-toplevel [2ms]
2023-03-07 20:37:12.146 [info] > git rev-parse --show-toplevel [10ms]
2023-03-07 20:37:12.146 [info] > git rev-parse --show-toplevel [4ms]
2023-03-07 20:37:12.146 [info] > git rev-parse --show-toplevel [4ms]
2023-03-07 20:37:12.146 [info] > git rev-parse --show-toplevel [23ms]
2023-03-07 20:37:12.146 [info] > git rev-parse --show-toplevel [3ms]
2023-03-07 20:37:12.146 [info] > git rev-parse --show-toplevel [3ms]
2023-03-07 20:37:12.146 [info] > git rev-parse --show-toplevel [4ms]
2023-03-07 20:37:12.146 [info] > git rev-parse --show-toplevel [2ms]
2023-03-07 20:37:12.146 [info] > git rev-parse --show-toplevel [2ms]
2023-03-07 20:37:12.147 [info] > git rev-parse --show-toplevel [1ms]
2023-03-07 20:37:12.153 [info] > git rev-parse --show-toplevel [1ms]
2023-03-07 20:37:12.159 [info] > git rev-parse --show-toplevel [1ms]
2023-03-07 20:37:12.171 [info] > git rev-parse --show-toplevel [8ms]
2023-03-07 20:37:12.179 [info] > git rev-parse --show-toplevel [1ms]
2023-03-07 20:37:12.187 [info] > git rev-parse --show-toplevel [2ms]
2023-03-07 20:37:12.193 [info] > git rev-parse --show-toplevel [2ms]
2023-03-07 20:37:12.294 [info] > git rev-parse --show-toplevel [97ms]
2023-03-07 20:37:13.400 [info] > git status -z -uall [1369ms] (cancelled)
2023-03-07 20:37:13.401 [info] > git rev-parse --show-toplevel [1100ms]
2023-03-07 20:37:13.421 [info] > git rev-parse --show-toplevel [9ms]
2023-03-07 20:37:13.421 [info] > git config --get commit.template [22ms]
2023-03-07 20:37:13.465 [info] > git for-each-ref --format=%(refname)%00%(upstream:short)%00%(objectname)%00%(upstream:track)%00%(upstream:remotename)%00%(upstream:remoteref) refs/heads/main refs/remotes/main [25ms]
2023-03-07 20:37:14.925 [info] > git status -z -uall [1448ms] (cancelled)
2023-03-07 20:37:14.976 [info] > git rev-parse --show-toplevel [20ms]
2023-03-07 20:37:14.999 [info] > git rev-parse --show-toplevel [5ms]
2023-03-07 20:39:27.990 [info] > git rev-parse --show-toplevel [2ms]
2023-03-07 20:39:45.561 [info] > git rev-parse --show-toplevel [2ms]
2023-03-07 20:40:22.340 [info] > git rev-parse --show-toplevel [2ms]
2023-03-07 21:03:51.632 [info] > git rev-parse --show-toplevel [3ms]
2023-03-07 21:03:51.982 [info] > git rev-parse --show-toplevel [2ms]
2023-03-07 21:03:54.536 [info] > git rev-parse --show-toplevel [2ms]
2023-03-07 21:04:35.876 [info] > git rev-parse --show-toplevel [2ms]
2023-03-07 21:42:31.961 [info] > git rev-parse --show-toplevel [3ms]
2023-03-07 21:42:32.145 [info] > git rev-parse --show-toplevel [2ms]
2023-03-07 21:42:32.360 [info] > git rev-parse --show-toplevel [2ms]
2023-03-07 21:42:35.741 [info] > git rev-parse --show-toplevel [2ms]
2023-03-07 21:42:53.650 [info] > git rev-parse --show-toplevel [2ms]
2023-03-07 21:42:54.360 [info] > git rev-parse --show-toplevel [3ms]
2023-03-07 21:42:54.812 [info] > git rev-parse --show-toplevel [1ms]
2023-03-07 21:52:44.103 [info] > git rev-parse --show-toplevel [2ms]
