[2023-03-03T00:03:34.836Z] Log level: Info
[2023-03-03T00:03:34.842Z] [info] Validating found git in: git
[2023-03-03T00:03:34.872Z] [info] Using git 2.31.1 from git
[2023-03-03T00:03:34.892Z] > git rev-parse --show-toplevel [4ms]
[2023-03-03T00:03:34.902Z] > git rev-parse --git-dir --git-common-dir [2ms]
[2023-03-03T00:03:34.907Z] [info] Open repository: /data/home/csmajs/txia024
[2023-03-03T00:03:34.924Z] > git rev-parse --show-toplevel [4ms]
[2023-03-03T00:03:34.930Z] > git rev-parse --show-toplevel [1ms]
[2023-03-03T00:03:34.936Z] > git rev-parse --show-toplevel [1ms]
[2023-03-03T00:03:34.941Z] > git rev-parse --show-toplevel [1ms]
[2023-03-03T00:03:34.947Z] > git rev-parse --show-toplevel [1ms]
[2023-03-03T00:03:34.952Z] > git rev-parse --show-toplevel [1ms]
[2023-03-03T00:03:34.958Z] > git rev-parse --show-toplevel [2ms]
[2023-03-03T00:03:34.964Z] > git rev-parse --show-toplevel [2ms]
[2023-03-03T00:03:34.969Z] > git rev-parse --show-toplevel [1ms]
[2023-03-03T00:03:34.983Z] > git rev-parse --show-toplevel [10ms]
[2023-03-03T00:03:35.001Z] > git rev-parse --show-toplevel [13ms]
[2023-03-03T00:03:35.017Z] > git rev-parse --show-toplevel [10ms]
[2023-03-03T00:03:35.027Z] > git rev-parse --show-toplevel [3ms]
[2023-03-03T00:03:35.035Z] > git rev-parse --show-toplevel [2ms]
[2023-03-03T00:03:35.042Z] > git rev-parse --show-toplevel [2ms]
[2023-03-03T00:03:35.049Z] > git rev-parse --show-toplevel [2ms]
[2023-03-03T00:03:35.055Z] > git rev-parse --show-toplevel [1ms]
[2023-03-03T00:03:35.060Z] > git rev-parse --show-toplevel [1ms]
[2023-03-03T00:03:35.116Z] > git status -z -uall [201ms]
[2023-03-03T00:03:35.117Z] > git symbolic-ref --short HEAD [2ms]
[2023-03-03T00:03:35.124Z] > git for-each-ref --format=%(refname)%00%(upstream:short)%00%(objectname)%00%(upstream:track)%00%(upstream:remotename)%00%(upstream:remoteref) refs/heads/main refs/remotes/main [2ms]
[2023-03-03T00:03:35.134Z] > git for-each-ref --sort -committerdate --format %(refname) %(objectname) %(*objectname) [5ms]
[2023-03-03T00:03:35.134Z] > git remote --verbose [1ms]
[2023-03-03T00:03:36.781Z] > git config --get commit.template [29ms]
[2023-03-03T00:03:36.920Z] > git rev-parse --show-toplevel [3ms]
[2023-03-03T00:03:36.970Z] > git rev-parse --show-toplevel [5ms]
[2023-03-03T00:03:36.994Z] > git status -z -uall [197ms]
[2023-03-03T00:03:37.034Z] > git symbolic-ref --short HEAD [42ms]
[2023-03-03T00:03:37.046Z] > git rev-parse --show-toplevel [14ms]
[2023-03-03T00:03:37.048Z] > git for-each-ref --format=%(refname)%00%(upstream:short)%00%(objectname)%00%(upstream:track)%00%(upstream:remotename)%00%(upstream:remoteref) refs/heads/main refs/remotes/main [4ms]
[2023-03-03T00:03:37.069Z] > git for-each-ref --sort -committerdate --format %(refname) %(objectname) %(*objectname) [12ms]
[2023-03-03T00:03:37.071Z] > git remote --verbose [7ms]
[2023-03-03T00:03:38.405Z] > git config --get commit.template [49ms]
[2023-03-03T00:03:39.287Z] > git config --global user.email [5ms]
[2023-03-03T00:03:39.303Z] > git config --global user.name [3ms]
[2023-03-03T00:03:39.506Z] > git status -z -uall [190ms]
[2023-03-03T00:03:39.507Z] > git symbolic-ref --short HEAD [8ms]
[2023-03-03T00:03:39.525Z] > git for-each-ref --format=%(refname)%00%(upstream:short)%00%(objectname)%00%(upstream:track)%00%(upstream:remotename)%00%(upstream:remoteref) refs/heads/main refs/remotes/main [2ms]
[2023-03-03T00:03:39.553Z] > git for-each-ref --sort -committerdate --format %(refname) %(objectname) %(*objectname) [13ms]
[2023-03-03T00:03:39.554Z] > git remote --verbose [2ms]
[2023-03-03T00:03:40.824Z] > git config --get commit.template [42ms]
[2023-03-03T00:03:40.860Z] > git show -s --format=%an <%ae> [%ai] 99a6dd4eb0f09c3cda39b4509b1e5ad707d9b867 [14ms]
[2023-03-03T00:03:40.891Z] > git show -s --format=%H%n%aN%n%aE%n%at%n%ct%n%P%n%D%n%B -z 99a6dd4eb0f09c3cda39b4509b1e5ad707d9b867 [10ms]
[2023-03-03T00:03:45.077Z] > git rev-parse --show-toplevel [5ms]
[2023-03-03T00:04:07.274Z] > git rev-parse --show-toplevel [5ms]
[2023-03-03T00:04:11.035Z] > git rev-parse --show-toplevel [4ms]
[2023-03-03T00:04:12.793Z] > git rev-parse --show-toplevel [3ms]
[2023-03-03T00:04:13.154Z] > git rev-parse --show-toplevel [3ms]
[2023-03-03T00:04:16.308Z] > git rev-parse --show-toplevel [3ms]
[2023-03-03T00:04:19.138Z] > git rev-parse --show-toplevel [3ms]
[2023-03-03T00:04:21.929Z] > git rev-parse --show-toplevel [3ms]
[2023-03-03T00:04:24.609Z] > git rev-parse --show-toplevel [2ms]
[2023-03-03T00:04:25.639Z] > git rev-parse --show-toplevel [4ms]
