[2023-03-06T19:37:35.271Z] Log level: Info
[2023-03-06T19:37:35.278Z] [info] Validating found git in: git
[2023-03-06T19:37:35.307Z] [info] Using git 2.31.1 from git
[2023-03-06T19:37:35.324Z] > git rev-parse --show-toplevel [3ms]
[2023-03-06T19:37:35.334Z] > git rev-parse --git-dir --git-common-dir [2ms]
[2023-03-06T19:37:35.341Z] [info] Open repository: /data/home/csmajs/txia024
[2023-03-06T19:37:35.360Z] > git rev-parse --show-toplevel [4ms]
[2023-03-06T19:37:35.371Z] > git rev-parse --show-toplevel [6ms]
[2023-03-06T19:37:35.377Z] > git rev-parse --show-toplevel [1ms]
[2023-03-06T19:37:35.385Z] > git rev-parse --show-toplevel [3ms]
[2023-03-06T19:37:35.394Z] > git rev-parse --show-toplevel [5ms]
[2023-03-06T19:37:35.401Z] > git rev-parse --show-toplevel [3ms]
[2023-03-06T19:37:35.406Z] > git rev-parse --show-toplevel [1ms]
[2023-03-06T19:37:35.412Z] > git rev-parse --show-toplevel [2ms]
[2023-03-06T19:37:35.417Z] > git rev-parse --show-toplevel [2ms]
[2023-03-06T19:37:35.423Z] > git rev-parse --show-toplevel [2ms]
[2023-03-06T19:37:35.428Z] > git rev-parse --show-toplevel [1ms]
[2023-03-06T19:37:35.433Z] > git rev-parse --show-toplevel [1ms]
[2023-03-06T19:37:35.438Z] > git rev-parse --show-toplevel [1ms]
[2023-03-06T19:37:35.446Z] > git rev-parse --show-toplevel [4ms]
[2023-03-06T19:37:35.452Z] > git rev-parse --show-toplevel [3ms]
[2023-03-06T19:37:35.456Z] > git rev-parse --show-toplevel [1ms]
[2023-03-06T19:37:35.461Z] > git rev-parse --show-toplevel [1ms]
[2023-03-06T19:37:35.466Z] > git rev-parse --show-toplevel [1ms]
[2023-03-06T19:37:35.471Z] > git rev-parse --show-toplevel [1ms]
[2023-03-06T19:37:35.514Z] > git rev-parse --show-toplevel [1ms]
[2023-03-06T19:37:35.555Z] > git status -z -uall [204ms]
[2023-03-06T19:37:35.555Z] > git rev-parse --show-toplevel [22ms]
[2023-03-06T19:37:35.556Z] > git symbolic-ref --short HEAD [3ms]
[2023-03-06T19:37:35.564Z] > git for-each-ref --format=%(refname)%00%(upstream:short)%00%(objectname)%00%(upstream:track)%00%(upstream:remotename)%00%(upstream:remoteref) refs/heads/main refs/remotes/main [2ms]
[2023-03-06T19:37:35.575Z] > git for-each-ref --sort -committerdate --format %(refname) %(objectname) %(*objectname) [6ms]
[2023-03-06T19:37:35.576Z] > git remote --verbose [2ms]
[2023-03-06T19:37:36.569Z] > git config --get commit.template [7ms]
[2023-03-06T19:37:37.373Z] > git status -z -uall [792ms]
[2023-03-06T19:37:37.374Z] > git symbolic-ref --short HEAD [78ms]
[2023-03-06T19:37:37.389Z] > git for-each-ref --format=%(refname)%00%(upstream:short)%00%(objectname)%00%(upstream:track)%00%(upstream:remotename)%00%(upstream:remoteref) refs/heads/main refs/remotes/main [3ms]
[2023-03-06T19:37:37.413Z] > git for-each-ref --sort -committerdate --format %(refname) %(objectname) %(*objectname) [13ms]
[2023-03-06T19:37:37.414Z] > git remote --verbose [3ms]
[2023-03-06T19:37:38.716Z] > git config --get commit.template [38ms]
[2023-03-06T19:37:39.632Z] > git config --global user.email [4ms]
[2023-03-06T19:37:39.665Z] > git config --global user.name [18ms]
[2023-03-06T19:37:39.883Z] > git status -z -uall [199ms]
[2023-03-06T19:37:39.883Z] > git symbolic-ref --short HEAD [1ms]
[2023-03-06T19:37:39.899Z] > git for-each-ref --format=%(refname)%00%(upstream:short)%00%(objectname)%00%(upstream:track)%00%(upstream:remotename)%00%(upstream:remoteref) refs/heads/main refs/remotes/main [1ms]
[2023-03-06T19:37:39.926Z] > git for-each-ref --sort -committerdate --format %(refname) %(objectname) %(*objectname) [13ms]
[2023-03-06T19:37:39.927Z] > git remote --verbose [2ms]
[2023-03-06T19:37:41.171Z] > git config --get commit.template [38ms]
[2023-03-06T19:37:41.203Z] > git show -s --format=%an <%ae> [%ai] 99a6dd4eb0f09c3cda39b4509b1e5ad707d9b867 [12ms]
[2023-03-06T19:37:41.250Z] > git rev-parse --show-toplevel [6ms]
[2023-03-06T19:37:41.251Z] > git show -s --format=%H%n%aN%n%aE%n%at%n%ct%n%P%n%D%n%B -z 99a6dd4eb0f09c3cda39b4509b1e5ad707d9b867 [30ms]
[2023-03-06T19:38:06.518Z] > git rev-parse --show-toplevel [4ms]
[2023-03-06T19:38:18.493Z] > git rev-parse --show-toplevel [3ms]
