[2023-03-02 21:34:38.430] [exthost] [info] Extension host with pid 1508812 started
[2023-03-02 21:34:38.439] [exthost] [info] Lock '/home/csmajs/txia024/.vscode-server/data/User/workspaceStorage/414fd2baf52539f1a5b00978e376b760/vscode.lock': Lock acquired.
[2023-03-02 21:34:38.557] [exthost] [info] ExtensionService#_doActivateExtension ms-vscode.cpptools, startup: false, activationEvent: 'onLanguage:cpp'
[2023-03-02 21:34:38.558] [exthost] [info] ExtensionService#_doActivateExtension vscode.debug-auto-launch, startup: true, activationEvent: '*'
[2023-03-02 21:34:38.558] [exthost] [info] ExtensionService#_doActivateExtension vscode.git-base, startup: true, activationEvent: '*', root cause: vscode.git
[2023-03-02 21:34:38.559] [exthost] [info] ExtensionService#_doActivateExtension vscode.ipynb, startup: true, activationEvent: '*'
[2023-03-02 21:34:38.815] [exthost] [info] ExtensionService#_doActivateExtension vscode.git, startup: true, activationEvent: '*'
[2023-03-02 21:34:38.815] [exthost] [info] ExtensionService#_doActivateExtension vscode.github, startup: true, activationEvent: '*'
[2023-03-02 21:34:39.207] [exthost] [info] ExtensionService#_doActivateExtension vscode.configuration-editing, startup: false, activationEvent: 'onLanguage:json'
[2023-03-02 21:34:39.208] [exthost] [info] ExtensionService#_doActivateExtension vscode.extension-editing, startup: false, activationEvent: 'onLanguage:json'
[2023-03-02 21:34:39.208] [exthost] [info] ExtensionService#_doActivateExtension vscode.json-language-features, startup: false, activationEvent: 'onLanguage:json'
[2023-03-02 21:34:39.208] [exthost] [info] ExtensionService#_doActivateExtension vscode.npm, startup: false, activationEvent: 'onLanguage:json'
[2023-03-02 21:34:39.484] [exthost] [info] ExtensionService#_doActivateExtension vscode.emmet, startup: false, activationEvent: 'onStartupFinished'
[2023-03-02 21:34:39.484] [exthost] [info] ExtensionService#_doActivateExtension vscode.merge-conflict, startup: false, activationEvent: 'onStartupFinished'
[2023-03-02 21:34:39.485] [exthost] [info] ExtensionService#_doActivateExtension formulahendry.code-runner, startup: false, activationEvent: 'onStartupFinished'
[2023-03-02 21:34:39.485] [exthost] [info] ExtensionService#_doActivateExtension ms-vsliveshare.vsliveshare, startup: false, activationEvent: 'onStartupFinished'
[2023-03-02 21:34:39.485] [exthost] [info] ExtensionService#_doActivateExtension ritwickdey.LiveServer, startup: false, activationEvent: 'onStartupFinished'
[2023-03-02 21:34:39.486] [exthost] [info] Eager extensions activated
[2023-03-02 21:34:40.091] [exthost] [warning] [Decorations] CAPPING events from decorations provider vscode.git 10000
[2023-03-02 21:34:41.405] [exthost] [warning] [Decorations] CAPPING events from decorations provider vscode.git 10012
[2023-03-02 21:34:42.662] [exthost] [info] ExtensionService#_doActivateExtension vscode.typescript-language-features, startup: false, activationEvent: 'onLanguage:jsonc'
[2023-03-02 21:34:43.443] [exthost] [info] ExtensionService#_doActivateExtension esbenp.prettier-vscode, startup: false, activationEvent: 'onStartupFinished'
[2023-03-02 21:34:44.230] [exthost] [warning] [Decorations] CAPPING events from decorations provider vscode.git 10005
[2023-03-02 21:34:45.275] [exthost] [warning] DiagnosticCollection with name 'C/C++' does already exist.
[2023-03-02 22:43:34.915] [exthost] [info] Extension host terminating: received terminate message from renderer
[2023-03-02 22:43:34.915] [exthost] [info] Lock '/home/csmajs/txia024/.vscode-server/data/User/workspaceStorage/414fd2baf52539f1a5b00978e376b760/vscode.lock': Marking the lockfile as scheduled to be released in 6000 ms.
[2023-03-02 22:43:35.102] [exthost] [error] [ms-vscode.cpptools] provider FAILED
[2023-03-02 22:43:35.102] [exthost] [error] Error: Pending response rejected since connection got disposed
	at Object.dispose (/data/home/csmajs/txia024/.vscode-server/extensions/ms-vscode.cpptools-1.14.4-linux-x64/dist/main.js:57932:27)
	at Object.dispose (/data/home/csmajs/txia024/.vscode-server/extensions/ms-vscode.cpptools-1.14.4-linux-x64/dist/main.js:61575:35)
	at /data/home/csmajs/txia024/.vscode-server/extensions/ms-vscode.cpptools-1.14.4-linux-x64/dist/main.js:61004:28
	at runMicrotasks (<anonymous>)
	at processTicksAndRejections (node:internal/process/task_queues:96:5)
[2023-03-02 22:43:35.102] [exthost] [error] [ms-vscode.cpptools] provider FAILED
[2023-03-02 22:43:35.102] [exthost] [error] Error: Pending response rejected since connection got disposed
	at Object.dispose (/data/home/csmajs/txia024/.vscode-server/extensions/ms-vscode.cpptools-1.14.4-linux-x64/dist/main.js:57932:27)
	at Object.dispose (/data/home/csmajs/txia024/.vscode-server/extensions/ms-vscode.cpptools-1.14.4-linux-x64/dist/main.js:61575:35)
	at /data/home/csmajs/txia024/.vscode-server/extensions/ms-vscode.cpptools-1.14.4-linux-x64/dist/main.js:61004:28
	at runMicrotasks (<anonymous>)
	at processTicksAndRejections (node:internal/process/task_queues:96:5)
[2023-03-02 22:43:35.102] [exthost] [error] [ms-vscode.cpptools] provider FAILED
[2023-03-02 22:43:35.102] [exthost] [error] Error: Pending response rejected since connection got disposed
	at Object.dispose (/data/home/csmajs/txia024/.vscode-server/extensions/ms-vscode.cpptools-1.14.4-linux-x64/dist/main.js:57932:27)
	at Object.dispose (/data/home/csmajs/txia024/.vscode-server/extensions/ms-vscode.cpptools-1.14.4-linux-x64/dist/main.js:61575:35)
	at /data/home/csmajs/txia024/.vscode-server/extensions/ms-vscode.cpptools-1.14.4-linux-x64/dist/main.js:61004:28
	at runMicrotasks (<anonymous>)
	at processTicksAndRejections (node:internal/process/task_queues:96:5)
[2023-03-02 22:43:35.102] [exthost] [error] [ms-vscode.cpptools] provider FAILED
[2023-03-02 22:43:35.102] [exthost] [error] Error: Pending response rejected since connection got disposed
	at Object.dispose (/data/home/csmajs/txia024/.vscode-server/extensions/ms-vscode.cpptools-1.14.4-linux-x64/dist/main.js:57932:27)
	at Object.dispose (/data/home/csmajs/txia024/.vscode-server/extensions/ms-vscode.cpptools-1.14.4-linux-x64/dist/main.js:61575:35)
	at /data/home/csmajs/txia024/.vscode-server/extensions/ms-vscode.cpptools-1.14.4-linux-x64/dist/main.js:61004:28
	at runMicrotasks (<anonymous>)
	at processTicksAndRejections (node:internal/process/task_queues:96:5)
[2023-03-02 22:43:35.102] [exthost] [error] [ms-vscode.cpptools] provider FAILED
[2023-03-02 22:43:35.102] [exthost] [error] Error: Pending response rejected since connection got disposed
	at Object.dispose (/data/home/csmajs/txia024/.vscode-server/extensions/ms-vscode.cpptools-1.14.4-linux-x64/dist/main.js:57932:27)
	at Object.dispose (/data/home/csmajs/txia024/.vscode-server/extensions/ms-vscode.cpptools-1.14.4-linux-x64/dist/main.js:61575:35)
	at /data/home/csmajs/txia024/.vscode-server/extensions/ms-vscode.cpptools-1.14.4-linux-x64/dist/main.js:61004:28
	at runMicrotasks (<anonymous>)
	at processTicksAndRejections (node:internal/process/task_queues:96:5)
[2023-03-02 22:43:35.102] [exthost] [error] [ms-vscode.cpptools] provider FAILED
[2023-03-02 22:43:35.102] [exthost] [error] Error: Pending response rejected since connection got disposed
	at Object.dispose (/data/home/csmajs/txia024/.vscode-server/extensions/ms-vscode.cpptools-1.14.4-linux-x64/dist/main.js:57932:27)
	at Object.dispose (/data/home/csmajs/txia024/.vscode-server/extensions/ms-vscode.cpptools-1.14.4-linux-x64/dist/main.js:61575:35)
	at /data/home/csmajs/txia024/.vscode-server/extensions/ms-vscode.cpptools-1.14.4-linux-x64/dist/main.js:61004:28
	at runMicrotasks (<anonymous>)
	at processTicksAndRejections (node:internal/process/task_queues:96:5)
[2023-03-02 22:43:35.102] [exthost] [error] [ms-vscode.cpptools] provider FAILED
[2023-03-02 22:43:35.102] [exthost] [error] Error: Pending response rejected since connection got disposed
	at Object.dispose (/data/home/csmajs/txia024/.vscode-server/extensions/ms-vscode.cpptools-1.14.4-linux-x64/dist/main.js:57932:27)
	at Object.dispose (/data/home/csmajs/txia024/.vscode-server/extensions/ms-vscode.cpptools-1.14.4-linux-x64/dist/main.js:61575:35)
	at /data/home/csmajs/txia024/.vscode-server/extensions/ms-vscode.cpptools-1.14.4-linux-x64/dist/main.js:61004:28
	at runMicrotasks (<anonymous>)
	at processTicksAndRejections (node:internal/process/task_queues:96:5)
[2023-03-02 22:43:35.102] [exthost] [error] [ms-vscode.cpptools] provider FAILED
[2023-03-02 22:43:35.102] [exthost] [error] Error: Pending response rejected since connection got disposed
	at Object.dispose (/data/home/csmajs/txia024/.vscode-server/extensions/ms-vscode.cpptools-1.14.4-linux-x64/dist/main.js:57932:27)
	at Object.dispose (/data/home/csmajs/txia024/.vscode-server/extensions/ms-vscode.cpptools-1.14.4-linux-x64/dist/main.js:61575:35)
	at /data/home/csmajs/txia024/.vscode-server/extensions/ms-vscode.cpptools-1.14.4-linux-x64/dist/main.js:61004:28
	at runMicrotasks (<anonymous>)
	at processTicksAndRejections (node:internal/process/task_queues:96:5)
[2023-03-02 22:43:35.102] [exthost] [error] [ms-vscode.cpptools] provider FAILED
[2023-03-02 22:43:35.102] [exthost] [error] Error: Pending response rejected since connection got disposed
	at Object.dispose (/data/home/csmajs/txia024/.vscode-server/extensions/ms-vscode.cpptools-1.14.4-linux-x64/dist/main.js:57932:27)
	at Object.dispose (/data/home/csmajs/txia024/.vscode-server/extensions/ms-vscode.cpptools-1.14.4-linux-x64/dist/main.js:61575:35)
	at /data/home/csmajs/txia024/.vscode-server/extensions/ms-vscode.cpptools-1.14.4-linux-x64/dist/main.js:61004:28
	at runMicrotasks (<anonymous>)
	at processTicksAndRejections (node:internal/process/task_queues:96:5)
[2023-03-02 22:43:35.102] [exthost] [error] [ms-vscode.cpptools] provider FAILED
[2023-03-02 22:43:35.102] [exthost] [error] Error: Pending response rejected since connection got disposed
	at Object.dispose (/data/home/csmajs/txia024/.vscode-server/extensions/ms-vscode.cpptools-1.14.4-linux-x64/dist/main.js:57932:27)
	at Object.dispose (/data/home/csmajs/txia024/.vscode-server/extensions/ms-vscode.cpptools-1.14.4-linux-x64/dist/main.js:61575:35)
	at /data/home/csmajs/txia024/.vscode-server/extensions/ms-vscode.cpptools-1.14.4-linux-x64/dist/main.js:61004:28
	at runMicrotasks (<anonymous>)
	at processTicksAndRejections (node:internal/process/task_queues:96:5)
[2023-03-02 22:43:35.102] [exthost] [error] [ms-vscode.cpptools] provider FAILED
[2023-03-02 22:43:35.102] [exthost] [error] Error: Pending response rejected since connection got disposed
	at Object.dispose (/data/home/csmajs/txia024/.vscode-server/extensions/ms-vscode.cpptools-1.14.4-linux-x64/dist/main.js:57932:27)
	at Object.dispose (/data/home/csmajs/txia024/.vscode-server/extensions/ms-vscode.cpptools-1.14.4-linux-x64/dist/main.js:61575:35)
	at /data/home/csmajs/txia024/.vscode-server/extensions/ms-vscode.cpptools-1.14.4-linux-x64/dist/main.js:61004:28
	at runMicrotasks (<anonymous>)
	at processTicksAndRejections (node:internal/process/task_queues:96:5)
[2023-03-02 22:43:35.102] [exthost] [error] [ms-vscode.cpptools] provider FAILED
[2023-03-02 22:43:35.102] [exthost] [error] Error: Pending response rejected since connection got disposed
	at Object.dispose (/data/home/csmajs/txia024/.vscode-server/extensions/ms-vscode.cpptools-1.14.4-linux-x64/dist/main.js:57932:27)
	at Object.dispose (/data/home/csmajs/txia024/.vscode-server/extensions/ms-vscode.cpptools-1.14.4-linux-x64/dist/main.js:61575:35)
	at /data/home/csmajs/txia024/.vscode-server/extensions/ms-vscode.cpptools-1.14.4-linux-x64/dist/main.js:61004:28
	at runMicrotasks (<anonymous>)
	at processTicksAndRejections (node:internal/process/task_queues:96:5)
[2023-03-02 22:43:35.102] [exthost] [error] [ms-vscode.cpptools] provider FAILED
[2023-03-02 22:43:35.102] [exthost] [error] Error: Pending response rejected since connection got disposed
	at Object.dispose (/data/home/csmajs/txia024/.vscode-server/extensions/ms-vscode.cpptools-1.14.4-linux-x64/dist/main.js:57932:27)
	at Object.dispose (/data/home/csmajs/txia024/.vscode-server/extensions/ms-vscode.cpptools-1.14.4-linux-x64/dist/main.js:61575:35)
	at /data/home/csmajs/txia024/.vscode-server/extensions/ms-vscode.cpptools-1.14.4-linux-x64/dist/main.js:61004:28
	at runMicrotasks (<anonymous>)
	at processTicksAndRejections (node:internal/process/task_queues:96:5)
[2023-03-02 22:43:35.103] [exthost] [info] Extension host with pid 1508812 exiting with code 0
