*
* Visual Studio Code Server
*
* By using the software, you agree to
* the Visual Studio Code Server License Terms (https://aka.ms/vscode-server-license) and
* the Microsoft Privacy Statement (https://privacy.microsoft.com/en-US/privacystatement).
*
Server bound to 127.0.0.1:40809 (IPv4)
Extension host agent listening on 40809

[15:52:47] 




[15:52:47] Extension host agent started.
[15:52:47] [127.0.0.1][7c159cbc][ManagementConnection] New connection established.
[15:52:47] [127.0.0.1][cb944d7d][ExtensionHostConnection] New connection established.
[15:52:47] Marked extension as uninstalled ms-vscode.cpptools-1.14.4-linux-x64
[15:52:47] Marked extension as uninstalled ms-vsliveshare.vsliveshare-1.0.5834
[15:52:47] Marked extension as uninstalled streetsidesoftware.code-spell-checker-2.19.0
[15:52:47] [127.0.0.1][cb944d7d][ExtensionHostConnection] <2321188> Launched Extension Host Process.
[15:52:47] Deleted from disk streetsidesoftware.code-spell-checker /home/csmajs/txia024/.vscode-server/extensions/streetsidesoftware.code-spell-checker-2.18.0
[15:52:47] Deleted from disk ms-vsliveshare.vsliveshare /home/csmajs/txia024/.vscode-server/extensions/ms-vsliveshare.vsliveshare-1.0.5832
[IPC Library: Pty Host]  WARN Shell integration cannot be enabled for executable "/bin/sh" and args [
  '-c',
  'wget --version > /dev/null\n' +
    'if [ $? -eq 0 ]\n' +
    'then\n' +
    "\twget --connect-timeout=7 --tries=1 --dns-timeout=7 -q --header='Metadata:true' -O - http://169.254.169.254/metadata/instance?api-version=2019-03-11\n" +
    'else\n' +
    '\tcurl --version > /dev/null\n' +
    '\tif [ $? -eq 0 ]\n' +
    '\tthen\n' +
    "\t\tcurl --connect-timeout 7 -s --header='Metadata:true' http://169.254.169.254/metadata/instance?api-version=2019-03-11\n" +
    '\tfi\n' +
    'fi\n' +
    'exit 0'
]
[IPC Library: Pty Host]  WARN Shell integration cannot be enabled for executable "/bin/sh" and args [
  '-c',
  'wget --version > /dev/null\n' +
    'if [ $? -eq 0 ]\n' +
    'then\n' +
    '\twget --connect-timeout=7 --tries=1 --dns-timeout=7 -q  -O - http://169.254.169.254/latest/meta-data/instance-id\n' +
    'else\n' +
    '\tcurl --version > /dev/null\n' +
    '\tif [ $? -eq 0 ]\n' +
    '\tthen\n' +
    '\t\tcurl --connect-timeout 7 -s  http://169.254.169.254/latest/meta-data/instance-id\n' +
    '\tfi\n' +
    'fi\n' +
    'exit 0'
]
[IPC Library: Pty Host]  WARN Shell integration cannot be enabled for executable "/bin/sh" and args [
  '-c',
  'wget --version > /dev/null\n' +
    'if [ $? -eq 0 ]\n' +
    'then\n' +
    '\twget --connect-timeout=7 --tries=1 --dns-timeout=7 -q  -O - http://169.254.169.254/metadata/v1/id\n' +
    'else\n' +
    '\tcurl --version > /dev/null\n' +
    '\tif [ $? -eq 0 ]\n' +
    '\tthen\n' +
    '\t\tcurl --connect-timeout 7 -s  http://169.254.169.254/metadata/v1/id\n' +
    '\tfi\n' +
    'fi\n' +
    'exit 0'
]
[IPC Library: Pty Host]  WARN Shell integration cannot be enabled for executable "/bin/sh" and args [
  '-c',
  'wget --version > /dev/null\n' +
    'if [ $? -eq 0 ]\n' +
    'then\n' +
    "\twget --connect-timeout=7 --tries=1 --dns-timeout=7 -q --header='Metadata-Flavor:Google' -O - http://metadata.google.internal/computeMetadata/v1/instance/id\n" +
    'else\n' +
    '\tcurl --version > /dev/null\n' +
    '\tif [ $? -eq 0 ]\n' +
    '\tthen\n' +
    "\t\tcurl --connect-timeout 7 -s --header='Metadata-Flavor:Google' http://metadata.google.internal/computeMetadata/v1/instance/id\n" +
    '\tfi\n' +
    'fi\n' +
    'exit 0'
]
[15:52:49] [127.0.0.1][7c159cbc][ManagementConnection] The client has disconnected gracefully, so the connection will be disposed.
[15:52:49] [127.0.0.1][cb944d7d][ExtensionHostConnection] <2321188> Extension Host Process exited with code: 0, signal: null.
Cancelling previous shutdown timeout
[15:52:49] Cancelling previous shutdown timeout
Last EH closed, waiting before shutting down
[15:52:49] Last EH closed, waiting before shutting down
Got delay-shutdown request while in shutdown timeout, delaying
[15:52:54] Got delay-shutdown request while in shutdown timeout, delaying
Cancelling previous shutdown timeout
[15:52:54] Cancelling previous shutdown timeout
[15:52:54] [127.0.0.1][de111a56][ManagementConnection] New connection established.
[15:52:54] [127.0.0.1][1beae04b][ExtensionHostConnection] New connection established.
[15:52:54] [127.0.0.1][1beae04b][ExtensionHostConnection] <2322042> Launched Extension Host Process.
[IPC Library: Pty Host]  WARN Shell integration cannot be enabled for executable "/bin/sh" and args [
  '-c',
  'wget --version > /dev/null\n' +
    'if [ $? -eq 0 ]\n' +
    'then\n' +
    "\twget --connect-timeout=7 --tries=1 --dns-timeout=7 -q --header='Metadata:true' -O - http://169.254.169.254/metadata/instance?api-version=2019-03-11\n" +
    'else\n' +
    '\tcurl --version > /dev/null\n' +
    '\tif [ $? -eq 0 ]\n' +
    '\tthen\n' +
    "\t\tcurl --connect-timeout 7 -s --header='Metadata:true' http://169.254.169.254/metadata/instance?api-version=2019-03-11\n" +
    '\tfi\n' +
    'fi\n' +
    'exit 0'
]
[IPC Library: Pty Host]  WARN Shell integration cannot be enabled for executable "/bin/sh" and args [
  '-c',
  'wget --version > /dev/null\n' +
    'if [ $? -eq 0 ]\n' +
    'then\n' +
    '\twget --connect-timeout=7 --tries=1 --dns-timeout=7 -q  -O - http://169.254.169.254/latest/meta-data/instance-id\n' +
    'else\n' +
    '\tcurl --version > /dev/null\n' +
    '\tif [ $? -eq 0 ]\n' +
    '\tthen\n' +
    '\t\tcurl --connect-timeout 7 -s  http://169.254.169.254/latest/meta-data/instance-id\n' +
    '\tfi\n' +
    'fi\n' +
    'exit 0'
]
[IPC Library: Pty Host]  WARN Shell integration cannot be enabled for executable "/bin/sh" and args [
  '-c',
  'wget --version > /dev/null\n' +
    'if [ $? -eq 0 ]\n' +
    'then\n' +
    '\twget --connect-timeout=7 --tries=1 --dns-timeout=7 -q  -O - http://169.254.169.254/metadata/v1/id\n' +
    'else\n' +
    '\tcurl --version > /dev/null\n' +
    '\tif [ $? -eq 0 ]\n' +
    '\tthen\n' +
    '\t\tcurl --connect-timeout 7 -s  http://169.254.169.254/metadata/v1/id\n' +
    '\tfi\n' +
    'fi\n' +
    'exit 0'
]
[IPC Library: Pty Host]  WARN Shell integration cannot be enabled for executable "/bin/sh" and args [
  '-c',
  'wget --version > /dev/null\n' +
    'if [ $? -eq 0 ]\n' +
    'then\n' +
    "\twget --connect-timeout=7 --tries=1 --dns-timeout=7 -q --header='Metadata-Flavor:Google' -O - http://metadata.google.internal/computeMetadata/v1/instance/id\n" +
    'else\n' +
    '\tcurl --version > /dev/null\n' +
    '\tif [ $? -eq 0 ]\n' +
    '\tthen\n' +
    "\t\tcurl --connect-timeout 7 -s --header='Metadata-Flavor:Google' http://metadata.google.internal/computeMetadata/v1/instance/id\n" +
    '\tfi\n' +
    'fi\n' +
    'exit 0'
]
[15:52:57] Getting Manifest... ms-python.python
[15:52:57] Getting Manifest... ms-python.vscode-pylance
[15:52:57] Installing extension: ms-python.python
[15:52:57] Installing extension: ms-python.vscode-pylance
[15:52:57] [File Watcher (parcel)] Unexpected error: inotify_add_watch on '/data/home/csmajs/txia024/.vscode-server/data/logs/20230228T135637/exthost3/output_logging_20230228T154927' failed: No such file or directory (EUNKNOWN) (path: /home/csmajs/txia024)
[15:52:57] [File Watcher (universal)] restarting watcher after error: inotify_add_watch on '/data/home/csmajs/txia024/.vscode-server/data/logs/20230228T135637/exthost3/output_logging_20230228T154927' failed: No such file or directory
[15:52:57] Getting Manifest... ms-python.python
[15:52:58] Waiting for already requested installing extension ms-python.python ms-python.vscode-pylance
[15:52:59] Extension signature verification: ms-python.vscode-pylance. Verification status: Verified.
[15:52:59] Extension signature verification: ms-python.python. Verification status: Verified.
[15:53:02] Extracted extension to /home/csmajs/txia024/.vscode-server/extensions/.08c15fe8-756b-493a-b9d2-241f914c7427: ms-python.python
[15:53:02] Renamed to /home/csmajs/txia024/.vscode-server/extensions/ms-python.python-2023.4.0
[15:53:02] Extracting completed. ms-python.python
[15:53:02] Extension installed successfully: ms-python.python
[15:53:02] Finished waiting for already requested installing extension ms-python.python ms-python.vscode-pylance
[15:53:02] Marked extension as uninstalled ms-python.python-2023.2.0
[15:53:02] Extracted extension to /home/csmajs/txia024/.vscode-server/extensions/.e79da617-3ba6-42e2-8e8c-c06e31572aea: ms-python.vscode-pylance
[15:53:02] Renamed to /home/csmajs/txia024/.vscode-server/extensions/ms-python.vscode-pylance-2023.3.10
[15:53:02] Extracting completed. ms-python.vscode-pylance
[15:53:02] Extension installed successfully: ms-python.vscode-pylance
[15:53:02] Marked extension as uninstalled ms-python.vscode-pylance-2023.2.20
New EH opened, aborting shutdown
[15:57:54] New EH opened, aborting shutdown
[18:31:20] [127.0.0.1][de111a56][ManagementConnection] The client has disconnected gracefully, so the connection will be disposed.
[18:31:20] [127.0.0.1][1beae04b][ExtensionHostConnection] <2322042> Extension Host Process exited with code: 0, signal: null.
Last EH closed, waiting before shutting down
[18:31:20] Last EH closed, waiting before shutting down
Last EH closed, shutting down
[18:36:20] Last EH closed, shutting down
