[2023-03-03T05:34:38.926Z] Log level: Info
[2023-03-03T05:34:38.931Z] [info] Validating found git in: git
[2023-03-03T05:34:38.960Z] [info] Using git 2.31.1 from git
[2023-03-03T05:34:38.981Z] > git rev-parse --show-toplevel [5ms]
[2023-03-03T05:34:38.999Z] > git rev-parse --git-dir --git-common-dir [9ms]
[2023-03-03T05:34:39.006Z] [info] Open repository: /data/home/csmajs/txia024
[2023-03-03T05:34:39.028Z] > git rev-parse --show-toplevel [4ms]
[2023-03-03T05:34:39.036Z] > git rev-parse --show-toplevel [2ms]
[2023-03-03T05:34:39.043Z] > git rev-parse --show-toplevel [3ms]
[2023-03-03T05:34:39.055Z] > git rev-parse --show-toplevel [7ms]
[2023-03-03T05:34:39.063Z] > git rev-parse --show-toplevel [2ms]
[2023-03-03T05:34:39.072Z] > git rev-parse --show-toplevel [5ms]
[2023-03-03T05:34:39.085Z] > git rev-parse --show-toplevel [7ms]
[2023-03-03T05:34:39.096Z] > git rev-parse --show-toplevel [3ms]
[2023-03-03T05:34:39.104Z] > git rev-parse --show-toplevel [2ms]
[2023-03-03T05:34:39.113Z] > git rev-parse --show-toplevel [4ms]
[2023-03-03T05:34:39.121Z] > git rev-parse --show-toplevel [2ms]
[2023-03-03T05:34:39.130Z] > git rev-parse --show-toplevel [1ms]
[2023-03-03T05:34:39.139Z] > git rev-parse --show-toplevel [2ms]
[2023-03-03T05:34:39.146Z] > git rev-parse --show-toplevel [2ms]
[2023-03-03T05:34:39.152Z] > git rev-parse --show-toplevel [2ms]
[2023-03-03T05:34:39.157Z] > git rev-parse --show-toplevel [1ms]
[2023-03-03T05:34:39.163Z] > git rev-parse --show-toplevel [1ms]
[2023-03-03T05:34:39.169Z] > git rev-parse --show-toplevel [1ms]
[2023-03-03T05:34:39.200Z] > git status -z -uall [183ms]
[2023-03-03T05:34:39.200Z] > git symbolic-ref --short HEAD [1ms]
[2023-03-03T05:34:39.927Z] > git for-each-ref --format=%(refname)%00%(upstream:short)%00%(objectname)%00%(upstream:track)%00%(upstream:remotename)%00%(upstream:remoteref) refs/heads/main refs/remotes/main [721ms]
[2023-03-03T05:34:39.947Z] > git for-each-ref --sort -committerdate --format %(refname) %(objectname) %(*objectname) [9ms]
[2023-03-03T05:34:39.949Z] > git remote --verbose [5ms]
[2023-03-03T05:34:40.977Z] > git config --get commit.template [13ms]
[2023-03-03T05:34:41.104Z] > git rev-parse --show-toplevel [6ms]
[2023-03-03T05:34:41.168Z] > git rev-parse --show-toplevel [22ms]
[2023-03-03T05:34:41.197Z] > git status -z -uall [204ms]
[2023-03-03T05:34:41.200Z] > git symbolic-ref --short HEAD [5ms]
[2023-03-03T05:34:41.258Z] > git for-each-ref --format=%(refname)%00%(upstream:short)%00%(objectname)%00%(upstream:track)%00%(upstream:remotename)%00%(upstream:remoteref) refs/heads/main refs/remotes/main [46ms]
[2023-03-03T05:34:41.284Z] > git for-each-ref --sort -committerdate --format %(refname) %(objectname) %(*objectname) [13ms]
[2023-03-03T05:34:41.285Z] > git rev-parse --show-toplevel [31ms]
[2023-03-03T05:34:41.293Z] > git remote --verbose [12ms]
[2023-03-03T05:34:42.632Z] > git config --get commit.template [58ms]
[2023-03-03T05:34:43.820Z] > git config --global user.email [5ms]
[2023-03-03T05:34:43.851Z] > git config --global user.name [15ms]
[2023-03-03T05:34:44.063Z] > git status -z -uall [195ms]
[2023-03-03T05:34:44.063Z] > git symbolic-ref --short HEAD [6ms]
[2023-03-03T05:34:44.082Z] > git for-each-ref --format=%(refname)%00%(upstream:short)%00%(objectname)%00%(upstream:track)%00%(upstream:remotename)%00%(upstream:remoteref) refs/heads/main refs/remotes/main [2ms]
[2023-03-03T05:34:44.110Z] > git for-each-ref --sort -committerdate --format %(refname) %(objectname) %(*objectname) [13ms]
[2023-03-03T05:34:44.111Z] > git remote --verbose [2ms]
[2023-03-03T05:34:45.275Z] > git config --get commit.template [21ms]
[2023-03-03T05:34:45.307Z] > git show -s --format=%an <%ae> [%ai] 99a6dd4eb0f09c3cda39b4509b1e5ad707d9b867 [12ms]
[2023-03-03T05:34:45.336Z] > git show -s --format=%H%n%aN%n%aE%n%at%n%ct%n%P%n%D%n%B -z 99a6dd4eb0f09c3cda39b4509b1e5ad707d9b867 [11ms]
[2023-03-03T05:35:27.531Z] > git rev-parse --show-toplevel [7ms]
[2023-03-03T05:35:28.993Z] > git rev-parse --show-toplevel [3ms]
[2023-03-03T05:35:32.870Z] > git rev-parse --show-toplevel [4ms]
[2023-03-03T05:35:46.781Z] > git rev-parse --show-toplevel [4ms]
[2023-03-03T05:35:50.377Z] > git rev-parse --show-toplevel [3ms]
[2023-03-03T05:35:52.622Z] > git rev-parse --show-toplevel [4ms]
[2023-03-03T05:35:55.776Z] > git rev-parse --show-toplevel [5ms]
[2023-03-03T05:36:02.791Z] > git rev-parse --show-toplevel [4ms]
[2023-03-03T05:36:05.804Z] > git rev-parse --show-toplevel [3ms]
[2023-03-03T05:36:18.266Z] > git rev-parse --show-toplevel [3ms]
[2023-03-03T05:36:27.503Z] > git rev-parse --show-toplevel [3ms]
[2023-03-03T05:36:33.811Z] > git rev-parse --show-toplevel [3ms]
[2023-03-03T05:36:45.466Z] > git rev-parse --show-toplevel [2ms]
[2023-03-03T05:36:54.270Z] > git rev-parse --show-toplevel [3ms]
[2023-03-03T05:37:15.661Z] > git rev-parse --show-toplevel [2ms]
[2023-03-03T05:37:28.364Z] > git rev-parse --show-toplevel [2ms]
[2023-03-03T05:37:40.238Z] > git rev-parse --show-toplevel [5ms]
[2023-03-03T05:37:42.418Z] > git rev-parse --show-toplevel [3ms]
[2023-03-03T05:37:43.093Z] > git rev-parse --show-toplevel [4ms]
[2023-03-03T05:37:44.330Z] > git rev-parse --show-toplevel [3ms]
[2023-03-03T05:37:44.546Z] > git rev-parse --show-toplevel [2ms]
[2023-03-03T05:38:05.486Z] > git rev-parse --show-toplevel [2ms]
[2023-03-03T05:38:06.107Z] > git rev-parse --show-toplevel [2ms]
[2023-03-03T05:38:06.608Z] > git rev-parse --show-toplevel [2ms]
[2023-03-03T05:38:08.254Z] > git rev-parse --show-toplevel [2ms]
[2023-03-03T05:38:09.188Z] > git rev-parse --show-toplevel [2ms]
[2023-03-03T05:38:12.165Z] > git rev-parse --show-toplevel [2ms]
[2023-03-03T05:38:13.640Z] > git rev-parse --show-toplevel [3ms]
[2023-03-03T05:38:14.148Z] > git rev-parse --show-toplevel [3ms]
[2023-03-03T05:38:15.189Z] > git rev-parse --show-toplevel [3ms]
[2023-03-03T05:38:21.039Z] > git rev-parse --show-toplevel [2ms]
[2023-03-03T05:38:29.620Z] > git rev-parse --show-toplevel [3ms]
[2023-03-03T05:39:13.147Z] > git rev-parse --show-toplevel [4ms]
[2023-03-03T05:39:13.896Z] > git rev-parse --show-toplevel [4ms]
[2023-03-03T05:43:20.684Z] > git rev-parse --show-toplevel [2ms]
[2023-03-03T05:43:24.619Z] > git rev-parse --show-toplevel [3ms]
[2023-03-03T05:44:10.023Z] > git rev-parse --show-toplevel [3ms]
[2023-03-03T05:44:10.845Z] > git rev-parse --show-toplevel [3ms]
[2023-03-03T05:44:11.129Z] > git rev-parse --show-toplevel [2ms]
[2023-03-03T05:44:11.499Z] > git rev-parse --show-toplevel [2ms]
[2023-03-03T05:44:11.711Z] > git rev-parse --show-toplevel [2ms]
[2023-03-03T05:44:12.657Z] > git rev-parse --show-toplevel [7ms]
[2023-03-03T05:44:14.179Z] > git rev-parse --show-toplevel [2ms]
[2023-03-03T05:44:14.513Z] > git rev-parse --show-toplevel [2ms]
[2023-03-03T05:44:15.850Z] > git rev-parse --show-toplevel [4ms]
[2023-03-03T05:44:24.407Z] > git rev-parse --show-toplevel [2ms]
[2023-03-03T05:44:24.707Z] > git rev-parse --show-toplevel [3ms]
[2023-03-03T05:44:25.022Z] > git rev-parse --show-toplevel [2ms]
[2023-03-03T05:44:26.446Z] > git rev-parse --show-toplevel [3ms]
[2023-03-03T05:44:26.912Z] > git rev-parse --show-toplevel [2ms]
[2023-03-03T05:44:27.197Z] > git rev-parse --show-toplevel [2ms]
[2023-03-03T05:44:27.687Z] > git rev-parse --show-toplevel [3ms]
[2023-03-03T05:44:28.250Z] > git rev-parse --show-toplevel [2ms]
[2023-03-03T05:44:28.434Z] > git rev-parse --show-toplevel [2ms]
[2023-03-03T05:44:36.432Z] > git rev-parse --show-toplevel [3ms]
[2023-03-03T05:44:50.268Z] > git rev-parse --show-toplevel [5ms]
[2023-03-03T05:44:50.548Z] > git rev-parse --show-toplevel [2ms]
[2023-03-03T05:46:03.188Z] > git rev-parse --show-toplevel [3ms]
[2023-03-03T05:46:03.399Z] > git rev-parse --show-toplevel [2ms]
[2023-03-03T05:46:04.778Z] > git rev-parse --show-toplevel [3ms]
[2023-03-03T05:46:34.480Z] > git rev-parse --show-toplevel [3ms]
[2023-03-03T05:46:46.117Z] > git rev-parse --show-toplevel [3ms]
[2023-03-03T05:46:47.221Z] > git rev-parse --show-toplevel [2ms]
[2023-03-03T05:46:55.157Z] > git rev-parse --show-toplevel [3ms]
[2023-03-03T05:46:55.517Z] > git rev-parse --show-toplevel [3ms]
[2023-03-03T05:50:04.984Z] > git rev-parse --show-toplevel [3ms]
[2023-03-03T05:50:13.098Z] > git rev-parse --show-toplevel [2ms]
[2023-03-03T05:50:13.384Z] > git rev-parse --show-toplevel [2ms]
[2023-03-03T05:50:15.161Z] > git rev-parse --show-toplevel [4ms]
[2023-03-03T05:50:16.207Z] > git rev-parse --show-toplevel [3ms]
[2023-03-03T05:50:16.529Z] > git rev-parse --show-toplevel [2ms]
[2023-03-03T05:50:24.153Z] > git rev-parse --show-toplevel [2ms]
[2023-03-03T05:51:07.258Z] > git rev-parse --show-toplevel [3ms]
[2023-03-03T05:51:08.568Z] > git rev-parse --show-toplevel [2ms]
[2023-03-03T05:54:44.695Z] > git rev-parse --show-toplevel [2ms]
[2023-03-03T05:55:45.596Z] > git rev-parse --show-toplevel [3ms]
[2023-03-03T05:55:45.915Z] > git rev-parse --show-toplevel [3ms]
[2023-03-03T05:55:46.559Z] > git rev-parse --show-toplevel [4ms]
[2023-03-03T05:55:46.965Z] > git rev-parse --show-toplevel [3ms]
[2023-03-03T05:55:47.385Z] > git rev-parse --show-toplevel [3ms]
[2023-03-03T05:55:47.833Z] > git rev-parse --show-toplevel [2ms]
[2023-03-03T05:56:07.343Z] > git rev-parse --show-toplevel [4ms]
[2023-03-03T05:56:07.695Z] > git rev-parse --show-toplevel [3ms]
[2023-03-03T05:56:09.947Z] > git rev-parse --show-toplevel [3ms]
[2023-03-03T05:56:10.480Z] > git rev-parse --show-toplevel [2ms]
[2023-03-03T05:58:42.829Z] > git rev-parse --show-toplevel [3ms]
[2023-03-03T05:59:00.816Z] > git rev-parse --show-toplevel [3ms]
[2023-03-03T05:59:01.704Z] > git rev-parse --show-toplevel [3ms]
[2023-03-03T05:59:02.124Z] > git rev-parse --show-toplevel [3ms]
[2023-03-03T06:00:26.746Z] > git rev-parse --show-toplevel [2ms]
[2023-03-03T06:03:10.296Z] > git rev-parse --show-toplevel [2ms]
[2023-03-03T06:03:10.667Z] > git rev-parse --show-toplevel [2ms]
[2023-03-03T06:03:11.231Z] > git rev-parse --show-toplevel [3ms]
[2023-03-03T06:03:11.595Z] > git rev-parse --show-toplevel [3ms]
[2023-03-03T06:03:11.944Z] > git rev-parse --show-toplevel [5ms]
[2023-03-03T06:03:12.225Z] > git rev-parse --show-toplevel [3ms]
[2023-03-03T06:08:29.955Z] > git rev-parse --show-toplevel [2ms]
[2023-03-03T06:08:32.057Z] > git rev-parse --show-toplevel [2ms]
[2023-03-03T06:08:32.362Z] > git rev-parse --show-toplevel [2ms]
[2023-03-03T06:08:39.608Z] > git rev-parse --show-toplevel [2ms]
[2023-03-03T06:08:55.864Z] > git rev-parse --show-toplevel [2ms]
[2023-03-03T06:08:57.333Z] > git rev-parse --show-toplevel [2ms]
[2023-03-03T06:08:58.143Z] > git rev-parse --show-toplevel [3ms]
[2023-03-03T06:09:05.624Z] > git rev-parse --show-toplevel [2ms]
[2023-03-03T06:10:06.134Z] > git rev-parse --show-toplevel [2ms]
[2023-03-03T06:10:24.755Z] > git rev-parse --show-toplevel [2ms]
[2023-03-03T06:12:57.963Z] > git rev-parse --show-toplevel [2ms]
[2023-03-03T06:12:58.698Z] > git rev-parse --show-toplevel [3ms]
[2023-03-03T06:13:03.545Z] > git rev-parse --show-toplevel [13ms]
[2023-03-03T06:13:05.251Z] > git rev-parse --show-toplevel [2ms]
[2023-03-03T06:16:22.343Z] > git rev-parse --show-toplevel [3ms]
[2023-03-03T06:16:22.709Z] > git rev-parse --show-toplevel [4ms]
[2023-03-03T06:16:23.101Z] > git rev-parse --show-toplevel [2ms]
[2023-03-03T06:16:23.719Z] > git rev-parse --show-toplevel [2ms]
[2023-03-03T06:16:24.010Z] > git rev-parse --show-toplevel [2ms]
[2023-03-03T06:18:00.918Z] > git rev-parse --show-toplevel [2ms]
[2023-03-03T06:18:01.505Z] > git rev-parse --show-toplevel [12ms]
[2023-03-03T06:18:03.501Z] > git rev-parse --show-toplevel [2ms]
[2023-03-03T06:18:03.765Z] > git rev-parse --show-toplevel [4ms]
[2023-03-03T06:18:04.887Z] > git rev-parse --show-toplevel [2ms]
[2023-03-03T06:18:05.373Z] > git rev-parse --show-toplevel [3ms]
[2023-03-03T06:18:05.713Z] > git rev-parse --show-toplevel [3ms]
[2023-03-03T06:18:06.282Z] > git rev-parse --show-toplevel [3ms]
[2023-03-03T06:18:09.536Z] > git rev-parse --show-toplevel [2ms]
[2023-03-03T06:18:14.420Z] > git rev-parse --show-toplevel [2ms]
[2023-03-03T06:18:15.535Z] > git rev-parse --show-toplevel [3ms]
[2023-03-03T06:18:15.801Z] > git rev-parse --show-toplevel [12ms]
[2023-03-03T06:18:18.909Z] > git rev-parse --show-toplevel [2ms]
[2023-03-03T06:18:21.583Z] > git rev-parse --show-toplevel [3ms]
[2023-03-03T06:19:08.195Z] > git rev-parse --show-toplevel [4ms]
[2023-03-03T06:19:37.131Z] > git rev-parse --show-toplevel [3ms]
[2023-03-03T06:19:38.650Z] > git rev-parse --show-toplevel [2ms]
[2023-03-03T06:19:49.707Z] > git rev-parse --show-toplevel [3ms]
[2023-03-03T06:19:54.887Z] > git rev-parse --show-toplevel [2ms]
[2023-03-03T06:19:55.207Z] > git rev-parse --show-toplevel [2ms]
[2023-03-03T06:19:56.267Z] > git rev-parse --show-toplevel [2ms]
[2023-03-03T06:19:57.445Z] > git rev-parse --show-toplevel [3ms]
[2023-03-03T06:19:58.034Z] > git rev-parse --show-toplevel [2ms]
[2023-03-03T06:19:59.397Z] > git rev-parse --show-toplevel [2ms]
[2023-03-03T06:19:59.736Z] > git rev-parse --show-toplevel [3ms]
[2023-03-03T06:20:02.440Z] > git rev-parse --show-toplevel [3ms]
[2023-03-03T06:20:02.872Z] > git rev-parse --show-toplevel [2ms]
[2023-03-03T06:20:59.222Z] > git rev-parse --show-toplevel [2ms]
[2023-03-03T06:20:59.585Z] > git rev-parse --show-toplevel [2ms]
[2023-03-03T06:21:03.489Z] > git rev-parse --show-toplevel [2ms]
[2023-03-03T06:21:04.161Z] > git rev-parse --show-toplevel [3ms]
[2023-03-03T06:21:05.007Z] > git rev-parse --show-toplevel [4ms]
[2023-03-03T06:21:05.981Z] > git rev-parse --show-toplevel [2ms]
[2023-03-03T06:21:11.476Z] > git rev-parse --show-toplevel [3ms]
[2023-03-03T06:21:11.790Z] > git rev-parse --show-toplevel [3ms]
[2023-03-03T06:21:12.473Z] > git rev-parse --show-toplevel [3ms]
[2023-03-03T06:21:12.782Z] > git rev-parse --show-toplevel [2ms]
[2023-03-03T06:21:16.432Z] > git rev-parse --show-toplevel [2ms]
[2023-03-03T06:22:49.460Z] > git rev-parse --show-toplevel [2ms]
[2023-03-03T06:22:53.645Z] > git rev-parse --show-toplevel [2ms]
[2023-03-03T06:22:53.996Z] > git rev-parse --show-toplevel [2ms]
[2023-03-03T06:23:00.067Z] > git rev-parse --show-toplevel [2ms]
[2023-03-03T06:23:00.379Z] > git rev-parse --show-toplevel [2ms]
[2023-03-03T06:24:27.170Z] > git rev-parse --show-toplevel [2ms]
[2023-03-03T06:24:27.391Z] > git rev-parse --show-toplevel [2ms]
[2023-03-03T06:24:29.953Z] > git rev-parse --show-toplevel [2ms]
[2023-03-03T06:24:51.994Z] > git rev-parse --show-toplevel [9ms]
[2023-03-03T06:24:52.883Z] > git rev-parse --show-toplevel [2ms]
[2023-03-03T06:24:53.778Z] > git rev-parse --show-toplevel [3ms]
[2023-03-03T06:24:54.670Z] > git rev-parse --show-toplevel [4ms]
[2023-03-03T06:24:54.958Z] > git rev-parse --show-toplevel [3ms]
[2023-03-03T06:24:58.863Z] > git rev-parse --show-toplevel [2ms]
[2023-03-03T06:24:59.360Z] > git rev-parse --show-toplevel [3ms]
[2023-03-03T06:24:59.711Z] > git rev-parse --show-toplevel [2ms]
[2023-03-03T06:25:00.464Z] > git rev-parse --show-toplevel [4ms]
[2023-03-03T06:26:24.304Z] > git rev-parse --show-toplevel [2ms]
[2023-03-03T06:26:31.204Z] > git rev-parse --show-toplevel [4ms]
[2023-03-03T06:26:31.397Z] > git rev-parse --show-toplevel [2ms]
[2023-03-03T06:26:39.585Z] > git rev-parse --show-toplevel [4ms]
[2023-03-03T06:26:41.938Z] > git rev-parse --show-toplevel [2ms]
[2023-03-03T06:26:57.916Z] > git rev-parse --show-toplevel [2ms]
[2023-03-03T06:26:58.233Z] > git rev-parse --show-toplevel [2ms]
[2023-03-03T06:26:58.474Z] > git rev-parse --show-toplevel [2ms]
[2023-03-03T06:27:15.386Z] > git rev-parse --show-toplevel [2ms]
[2023-03-03T06:27:15.956Z] > git rev-parse --show-toplevel [3ms]
[2023-03-03T06:27:16.910Z] > git rev-parse --show-toplevel [3ms]
[2023-03-03T06:27:17.619Z] > git rev-parse --show-toplevel [3ms]
[2023-03-03T06:27:19.835Z] > git rev-parse --show-toplevel [3ms]
[2023-03-03T06:27:21.459Z] > git rev-parse --show-toplevel [3ms]
[2023-03-03T06:27:24.589Z] > git rev-parse --show-toplevel [2ms]
[2023-03-03T06:27:24.898Z] > git rev-parse --show-toplevel [2ms]
[2023-03-03T06:27:36.443Z] > git rev-parse --show-toplevel [2ms]
[2023-03-03T06:27:38.439Z] > git rev-parse --show-toplevel [3ms]
[2023-03-03T06:28:31.788Z] > git rev-parse --show-toplevel [3ms]
[2023-03-03T06:28:50.928Z] > git rev-parse --show-toplevel [2ms]
[2023-03-03T06:29:13.662Z] > git rev-parse --show-toplevel [3ms]
[2023-03-03T06:29:33.260Z] > git rev-parse --show-toplevel [3ms]
[2023-03-03T06:29:59.524Z] > git rev-parse --show-toplevel [2ms]
[2023-03-03T06:31:16.920Z] > git rev-parse --show-toplevel [3ms]
[2023-03-03T06:31:17.322Z] > git rev-parse --show-toplevel [3ms]
[2023-03-03T06:31:18.394Z] > git rev-parse --show-toplevel [2ms]
[2023-03-03T06:31:18.987Z] > git rev-parse --show-toplevel [2ms]
[2023-03-03T06:31:19.961Z] > git rev-parse --show-toplevel [3ms]
[2023-03-03T06:31:39.113Z] > git rev-parse --show-toplevel [3ms]
[2023-03-03T06:31:42.870Z] > git rev-parse --show-toplevel [2ms]
[2023-03-03T06:31:45.421Z] > git rev-parse --show-toplevel [2ms]
[2023-03-03T06:31:46.767Z] > git rev-parse --show-toplevel [3ms]
[2023-03-03T06:31:59.225Z] > git rev-parse --show-toplevel [2ms]
[2023-03-03T06:32:21.139Z] > git rev-parse --show-toplevel [3ms]
[2023-03-03T06:32:21.854Z] > git rev-parse --show-toplevel [3ms]
[2023-03-03T06:32:23.977Z] > git rev-parse --show-toplevel [3ms]
[2023-03-03T06:32:29.689Z] > git rev-parse --show-toplevel [3ms]
[2023-03-03T06:32:39.313Z] > git rev-parse --show-toplevel [2ms]
[2023-03-03T06:32:39.706Z] > git rev-parse --show-toplevel [2ms]
[2023-03-03T06:33:00.369Z] > git rev-parse --show-toplevel [3ms]
[2023-03-03T06:33:00.688Z] > git rev-parse --show-toplevel [2ms]
[2023-03-03T06:33:02.342Z] > git rev-parse --show-toplevel [3ms]
[2023-03-03T06:33:06.913Z] > git rev-parse --show-toplevel [2ms]
[2023-03-03T06:33:07.881Z] > git rev-parse --show-toplevel [2ms]
[2023-03-03T06:33:09.781Z] > git rev-parse --show-toplevel [4ms]
[2023-03-03T06:33:38.473Z] > git rev-parse --show-toplevel [2ms]
[2023-03-03T06:33:45.170Z] > git rev-parse --show-toplevel [2ms]
[2023-03-03T06:33:48.674Z] > git rev-parse --show-toplevel [4ms]
[2023-03-03T06:33:53.329Z] > git rev-parse --show-toplevel [2ms]
[2023-03-03T06:33:53.848Z] > git rev-parse --show-toplevel [2ms]
[2023-03-03T06:34:39.362Z] > git rev-parse --show-toplevel [3ms]
[2023-03-03T06:34:40.695Z] > git rev-parse --show-toplevel [2ms]
[2023-03-03T06:34:52.665Z] > git rev-parse --show-toplevel [2ms]
[2023-03-03T06:35:01.484Z] > git rev-parse --show-toplevel [2ms]
[2023-03-03T06:35:01.701Z] > git rev-parse --show-toplevel [4ms]
[2023-03-03T06:35:04.132Z] > git rev-parse --show-toplevel [2ms]
[2023-03-03T06:35:06.532Z] > git rev-parse --show-toplevel [2ms]
[2023-03-03T06:35:09.201Z] > git rev-parse --show-toplevel [4ms]
[2023-03-03T06:35:11.195Z] > git rev-parse --show-toplevel [2ms]
[2023-03-03T06:35:17.289Z] > git rev-parse --show-toplevel [3ms]
[2023-03-03T06:35:17.891Z] > git rev-parse --show-toplevel [2ms]
[2023-03-03T06:35:23.041Z] > git rev-parse --show-toplevel [2ms]
[2023-03-03T06:36:11.271Z] > git rev-parse --show-toplevel [3ms]
[2023-03-03T06:36:11.598Z] > git rev-parse --show-toplevel [3ms]
[2023-03-03T06:36:28.164Z] > git rev-parse --show-toplevel [2ms]
[2023-03-03T06:36:53.316Z] > git rev-parse --show-toplevel [2ms]
[2023-03-03T06:36:53.635Z] > git rev-parse --show-toplevel [2ms]
[2023-03-03T06:36:54.955Z] > git rev-parse --show-toplevel [2ms]
[2023-03-03T06:37:37.603Z] > git rev-parse --show-toplevel [2ms]
[2023-03-03T06:37:41.613Z] > git rev-parse --show-toplevel [2ms]
[2023-03-03T06:38:11.524Z] > git rev-parse --show-toplevel [2ms]
[2023-03-03T06:39:09.128Z] > git rev-parse --show-toplevel [3ms]
[2023-03-03T06:39:30.607Z] > git rev-parse --show-toplevel [2ms]
[2023-03-03T06:39:30.865Z] > git rev-parse --show-toplevel [2ms]
[2023-03-03T06:41:01.521Z] > git rev-parse --show-toplevel [2ms]
[2023-03-03T06:41:02.011Z] > git rev-parse --show-toplevel [2ms]
[2023-03-03T06:41:02.357Z] > git rev-parse --show-toplevel [4ms]
[2023-03-03T06:41:13.760Z] > git rev-parse --show-toplevel [3ms]
