2023-03-08 20:53:33.495 [info] Log level: Info
2023-03-08 20:53:33.495 [info] Validating found git in: "git"
2023-03-08 20:53:33.495 [info] Using git "2.31.1" from "git"
2023-03-08 20:53:33.495 [info] > git rev-parse --show-toplevel [4ms]
2023-03-08 20:53:33.495 [info] > git rev-parse --git-dir --git-common-dir [63ms]
2023-03-08 20:53:33.495 [info] Open repository: /data/home/csmajs/txia024
2023-03-08 20:53:33.495 [info] > git rev-parse --show-toplevel [6ms]
2023-03-08 20:53:33.495 [info] > git config --get commit.template [7ms]
2023-03-08 20:53:33.495 [info] > git rev-parse --show-toplevel [7ms]
2023-03-08 20:53:33.495 [info] > git for-each-ref --format=%(refname)%00%(upstream:short)%00%(objectname)%00%(upstream:track)%00%(upstream:remotename)%00%(upstream:remoteref) refs/heads/main refs/remotes/main [6ms]
2023-03-08 20:53:33.495 [info] > git rev-parse --show-toplevel [7ms]
2023-03-08 20:53:33.495 [info] > git rev-parse --show-toplevel [4ms]
2023-03-08 20:53:33.495 [info] > git rev-parse --show-toplevel [3ms]
2023-03-08 20:53:33.495 [info] > git rev-parse --show-toplevel [111ms]
2023-03-08 20:53:33.495 [info] > git rev-parse --show-toplevel [2ms]
2023-03-08 20:53:33.495 [info] > git rev-parse --show-toplevel [22ms]
2023-03-08 20:53:33.495 [info] > git rev-parse --show-toplevel [2ms]
2023-03-08 20:53:33.671 [info] > git status -z -uall [357ms] (cancelled)
2023-03-08 20:53:33.671 [info] > git rev-parse --show-toplevel [176ms]
2023-03-08 20:53:34.645 [info] > git rev-parse --show-toplevel [964ms]
2023-03-08 20:53:34.661 [info] > git rev-parse --show-toplevel [8ms]
2023-03-08 20:53:34.672 [info] > git config --get commit.template [27ms]
2023-03-08 20:53:34.685 [info] > git rev-parse --show-toplevel [14ms]
2023-03-08 20:53:34.693 [info] > git for-each-ref --format=%(refname)%00%(upstream:short)%00%(objectname)%00%(upstream:track)%00%(upstream:remotename)%00%(upstream:remoteref) refs/heads/main refs/remotes/main [9ms]
2023-03-08 20:53:34.701 [info] > git rev-parse --show-toplevel [9ms]
2023-03-08 20:53:34.710 [info] > git rev-parse --show-toplevel [2ms]
2023-03-08 20:53:34.758 [info] > git rev-parse --show-toplevel [41ms]
2023-03-08 20:53:34.786 [info] > git rev-parse --show-toplevel [17ms]
2023-03-08 20:53:34.842 [info] > git rev-parse --show-toplevel [45ms]
2023-03-08 20:53:34.853 [info] > git rev-parse --show-toplevel [2ms]
2023-03-08 20:53:34.864 [info] > git rev-parse --show-toplevel [1ms]
2023-03-08 20:53:34.876 [info] > git rev-parse --show-toplevel [2ms]
2023-03-08 20:53:36.201 [info] > git status -z -uall [1501ms] (cancelled)
2023-03-08 20:53:36.213 [info] > git rev-parse --show-toplevel [1328ms]
2023-03-08 20:53:36.260 [info] > git rev-parse --show-toplevel [30ms]
2023-03-08 20:53:40.841 [info] > git rev-parse --show-toplevel [1ms]
2023-03-08 20:53:44.600 [info] > git rev-parse --show-toplevel [1ms]
2023-03-08 20:53:50.342 [info] > git rev-parse --show-toplevel [1ms]
2023-03-08 20:53:54.972 [info] > git rev-parse --show-toplevel [1ms]
2023-03-08 20:53:58.830 [info] > git rev-parse --show-toplevel [1ms]
2023-03-08 20:54:07.150 [info] > git rev-parse --show-toplevel [1ms]
2023-03-08 20:56:07.748 [info] > git rev-parse --show-toplevel [7ms]
2023-03-08 20:57:08.628 [info] > git rev-parse --show-toplevel [1ms]
2023-03-08 20:57:14.346 [info] > git rev-parse --show-toplevel [2ms]
2023-03-08 20:57:23.203 [info] > git rev-parse --show-toplevel [1ms]
2023-03-08 20:57:27.145 [info] > git rev-parse --show-toplevel [2ms]
